{"/home/travis/build/npmtest/node-npmtest-mout/test.js":{"path":"/home/travis/build/npmtest/node-npmtest-mout/test.js","s":{"1":2,"2":2,"3":2,"4":2,"5":2,"6":2,"7":2,"8":1,"9":2,"10":2,"11":1,"12":1,"13":1,"14":1,"15":2,"16":2,"17":2,"18":2,"19":1,"20":1,"21":2,"22":2,"23":2,"24":1,"25":1,"26":1,"27":1,"28":1,"29":1,"30":1,"31":1,"32":1,"33":1,"34":1,"35":1,"36":1,"37":1,"38":1,"39":2,"40":2,"41":1,"42":2,"43":2,"44":1,"45":2,"46":2,"47":1,"48":2,"49":2,"50":1,"51":1,"52":1,"53":1,"54":1},"b":{"1":[2,1,1,1],"2":[1,1,1,1],"3":[1,1],"4":[1,1],"5":[1,1],"6":[1,1],"7":[1,1],"8":[1,1],"9":[1,1],"10":[1,1,1],"11":[1,1],"12":[1,1],"13":[1,1],"14":[1,1],"15":[1,1],"16":[1,1],"17":[1,1]},"f":{"1":2,"2":2,"3":2,"4":2,"5":2,"6":1,"7":1,"8":1,"9":2,"10":2,"11":2,"12":2,"13":1},"fnMap":{"1":{"name":"(anonymous_1)","line":12,"loc":{"start":{"line":12,"column":1},"end":{"line":12,"column":13}}},"2":{"name":"(anonymous_2)","line":19,"loc":{"start":{"line":19,"column":5},"end":{"line":19,"column":17}}},"3":{"name":"(anonymous_3)","line":23,"loc":{"start":{"line":23,"column":24},"end":{"line":23,"column":36}}},"4":{"name":"(anonymous_4)","line":61,"loc":{"start":{"line":61,"column":5},"end":{"line":61,"column":17}}},"5":{"name":"(anonymous_5)","line":82,"loc":{"start":{"line":82,"column":5},"end":{"line":82,"column":17}}},"6":{"name":"(anonymous_6)","line":91,"loc":{"start":{"line":91,"column":77},"end":{"line":94,"column":10}}},"7":{"name":"(anonymous_7)","line":112,"loc":{"start":{"line":112,"column":83},"end":{"line":115,"column":10}},"skip":true},"8":{"name":"(anonymous_8)","line":123,"loc":{"start":{"line":123,"column":77},"end":{"line":126,"column":10}},"skip":true},"9":{"name":"(anonymous_9)","line":139,"loc":{"start":{"line":139,"column":12},"end":{"line":139,"column":40}},"skip":true},"10":{"name":"(anonymous_10)","line":147,"loc":{"start":{"line":147,"column":77},"end":{"line":150,"column":10}},"skip":true},"11":{"name":"(anonymous_11)","line":158,"loc":{"start":{"line":158,"column":83},"end":{"line":161,"column":10}},"skip":true},"12":{"name":"(anonymous_12)","line":169,"loc":{"start":{"line":169,"column":79},"end":{"line":172,"column":10}},"skip":true},"13":{"name":"(anonymous_13)","line":180,"loc":{"start":{"line":180,"column":75},"end":{"line":183,"column":10}},"skip":true}},"statementMap":{"1":{"start":{"line":12,"column":0},"end":{"line":195,"column":5}},"2":{"start":{"line":14,"column":4},"end":{"line":14,"column":14}},"3":{"start":{"line":19,"column":4},"end":{"line":56,"column":9}},"4":{"start":{"line":21,"column":8},"end":{"line":21,"column":19}},"5":{"start":{"line":23,"column":8},"end":{"line":35,"column":13}},"6":{"start":{"line":24,"column":12},"end":{"line":34,"column":13}},"7":{"start":{"line":25,"column":16},"end":{"line":28,"column":30}},"8":{"start":{"line":30,"column":16},"end":{"line":33,"column":27}},"9":{"start":{"line":37,"column":8},"end":{"line":39,"column":21}},"10":{"start":{"line":40,"column":8},"end":{"line":53,"column":9}},"11":{"start":{"line":43,"column":12},"end":{"line":46,"column":14}},"12":{"start":{"line":47,"column":12},"end":{"line":47,"column":18}},"13":{"start":{"line":50,"column":12},"end":{"line":51,"column":46}},"14":{"start":{"line":52,"column":12},"end":{"line":52,"column":18}},"15":{"start":{"line":55,"column":8},"end":{"line":55,"column":35}},"16":{"start":{"line":61,"column":4},"end":{"line":63,"column":9}},"17":{"start":{"line":62,"column":8},"end":{"line":62,"column":15}},"18":{"start":{"line":64,"column":4},"end":{"line":77,"column":5}},"19":{"start":{"line":70,"column":8},"end":{"line":70,"column":14}},"20":{"start":{"line":76,"column":8},"end":{"line":76,"column":14}},"21":{"start":{"line":82,"column":4},"end":{"line":84,"column":9}},"22":{"start":{"line":83,"column":8},"end":{"line":83,"column":15}},"23":{"start":{"line":85,"column":4},"end":{"line":194,"column":5}},"24":{"start":{"line":91,"column":8},"end":{"line":99,"column":10}},"25":{"start":{"line":98,"column":12},"end":{"line":98,"column":35}},"26":{"start":{"line":102,"column":8},"end":{"line":104,"column":63}},"27":{"start":{"line":105,"column":8},"end":{"line":105,"column":14}},"28":{"start":{"line":112,"column":8},"end":{"line":121,"column":10},"skip":true},"29":{"start":{"line":119,"column":12},"end":{"line":119,"column":55},"skip":true},"30":{"start":{"line":120,"column":12},"end":{"line":120,"column":48},"skip":true},"31":{"start":{"line":123,"column":8},"end":{"line":136,"column":10},"skip":true},"32":{"start":{"line":130,"column":12},"end":{"line":130,"column":76},"skip":true},"33":{"start":{"line":131,"column":12},"end":{"line":131,"column":73},"skip":true},"34":{"start":{"line":132,"column":12},"end":{"line":132,"column":74},"skip":true},"35":{"start":{"line":133,"column":12},"end":{"line":133,"column":79},"skip":true},"36":{"start":{"line":134,"column":12},"end":{"line":134,"column":25},"skip":true},"37":{"start":{"line":135,"column":12},"end":{"line":135,"column":45},"skip":true},"38":{"start":{"line":138,"column":8},"end":{"line":145,"column":14},"skip":true},"39":{"start":{"line":143,"column":16},"end":{"line":143,"column":29},"skip":true},"40":{"start":{"line":144,"column":16},"end":{"line":144,"column":55},"skip":true},"41":{"start":{"line":147,"column":8},"end":{"line":156,"column":10},"skip":true},"42":{"start":{"line":154,"column":12},"end":{"line":154,"column":25},"skip":true},"43":{"start":{"line":155,"column":12},"end":{"line":155,"column":45},"skip":true},"44":{"start":{"line":158,"column":8},"end":{"line":167,"column":10},"skip":true},"45":{"start":{"line":165,"column":12},"end":{"line":165,"column":25},"skip":true},"46":{"start":{"line":166,"column":12},"end":{"line":166,"column":48},"skip":true},"47":{"start":{"line":169,"column":8},"end":{"line":178,"column":10},"skip":true},"48":{"start":{"line":176,"column":12},"end":{"line":176,"column":25},"skip":true},"49":{"start":{"line":177,"column":12},"end":{"line":177,"column":46},"skip":true},"50":{"start":{"line":180,"column":8},"end":{"line":189,"column":10},"skip":true},"51":{"start":{"line":187,"column":12},"end":{"line":187,"column":94},"skip":true},"52":{"start":{"line":188,"column":12},"end":{"line":188,"column":48},"skip":true},"53":{"start":{"line":192,"column":8},"end":{"line":192,"column":35},"skip":true},"54":{"start":{"line":193,"column":8},"end":{"line":193,"column":14},"skip":true}},"branchMap":{"1":{"line":25,"type":"binary-expr","locations":[{"start":{"line":25,"column":23},"end":{"line":25,"column":62}},{"start":{"line":26,"column":20},"end":{"line":26,"column":70}},{"start":{"line":27,"column":20},"end":{"line":27,"column":71}},{"start":{"line":28,"column":20},"end":{"line":28,"column":29}}]},"2":{"line":30,"type":"binary-expr","locations":[{"start":{"line":30,"column":23},"end":{"line":30,"column":37}},{"start":{"line":31,"column":20},"end":{"line":31,"column":61}},{"start":{"line":32,"column":20},"end":{"line":32,"column":70}},{"start":{"line":33,"column":20},"end":{"line":33,"column":26}}]},"3":{"line":37,"type":"cond-expr","locations":[{"start":{"line":38,"column":14},"end":{"line":38,"column":20}},{"start":{"line":39,"column":14},"end":{"line":39,"column":20}}]},"4":{"line":40,"type":"switch","locations":[{"start":{"line":42,"column":8},"end":{"line":47,"column":18}},{"start":{"line":49,"column":8},"end":{"line":52,"column":18}}]},"5":{"line":44,"type":"binary-expr","locations":[{"start":{"line":44,"column":16},"end":{"line":44,"column":44}},{"start":{"line":44,"column":48},"end":{"line":44,"column":66}}]},"6":{"line":50,"type":"binary-expr","locations":[{"start":{"line":50,"column":21},"end":{"line":50,"column":49}},{"start":{"line":50,"column":53},"end":{"line":50,"column":72}}]},"7":{"line":64,"type":"switch","locations":[{"start":{"line":69,"column":4},"end":{"line":70,"column":14}},{"start":{"line":75,"column":4},"end":{"line":76,"column":14}}]},"8":{"line":85,"type":"switch","locations":[{"start":{"line":90,"column":4},"end":{"line":105,"column":14}},{"start":{"line":111,"column":4},"end":{"line":193,"column":14},"skip":true}]},"9":{"line":91,"type":"binary-expr","locations":[{"start":{"line":91,"column":42},"end":{"line":91,"column":73}},{"start":{"line":91,"column":77},"end":{"line":99,"column":9}}]},"10":{"line":102,"type":"binary-expr","locations":[{"start":{"line":102,"column":18},"end":{"line":102,"column":32}},{"start":{"line":103,"column":12},"end":{"line":103,"column":53}},{"start":{"line":104,"column":12},"end":{"line":104,"column":61}}]},"11":{"line":112,"type":"binary-expr","locations":[{"start":{"line":112,"column":45},"end":{"line":112,"column":79},"skip":true},{"start":{"line":112,"column":83},"end":{"line":121,"column":9},"skip":true}]},"12":{"line":123,"type":"binary-expr","locations":[{"start":{"line":123,"column":42},"end":{"line":123,"column":73},"skip":true},{"start":{"line":123,"column":77},"end":{"line":136,"column":9},"skip":true}]},"13":{"line":138,"type":"binary-expr","locations":[{"start":{"line":138,"column":48},"end":{"line":138,"column":85},"skip":true},{"start":{"line":139,"column":12},"end":{"line":145,"column":13},"skip":true}]},"14":{"line":147,"type":"binary-expr","locations":[{"start":{"line":147,"column":42},"end":{"line":147,"column":73},"skip":true},{"start":{"line":147,"column":77},"end":{"line":156,"column":9},"skip":true}]},"15":{"line":158,"type":"binary-expr","locations":[{"start":{"line":158,"column":45},"end":{"line":158,"column":79},"skip":true},{"start":{"line":158,"column":83},"end":{"line":167,"column":9},"skip":true}]},"16":{"line":169,"type":"binary-expr","locations":[{"start":{"line":169,"column":43},"end":{"line":169,"column":75},"skip":true},{"start":{"line":169,"column":79},"end":{"line":178,"column":9},"skip":true}]},"17":{"line":180,"type":"binary-expr","locations":[{"start":{"line":180,"column":41},"end":{"line":180,"column":71},"skip":true},{"start":{"line":180,"column":75},"end":{"line":189,"column":9},"skip":true}]}},"code":["/* istanbul instrument in package npmtest_mout */","/*jslint","    bitwise: true,","    browser: true,","    maxerr: 8,","    maxlen: 96,","    node: true,","    nomen: true,","    regexp: true,","    stupid: true","*/","(function () {","    'use strict';","    var local;","","","","    // run shared js-env code - pre-init","    (function () {","        // init local","        local = {};","        // init modeJs","        local.modeJs = (function () {","            try {","                return typeof navigator.userAgent === 'string' &&","                    typeof document.querySelector('body') === 'object' &&","                    typeof XMLHttpRequest.prototype.open === 'function' &&","                    'browser';","            } catch (errorCaughtBrowser) {","                return module.exports &&","                    typeof process.versions.node === 'string' &&","                    typeof require('http').createServer === 'function' &&","                    'node';","            }","        }());","        // init global","        local.global = local.modeJs === 'browser'","            ? window","            : global;","        switch (local.modeJs) {","        // re-init local from window.local","        case 'browser':","            local = local.global.utility2.objectSetDefault(","                local.global.utility2_rollup || local.global.local,","                local.global.utility2","            );","            break;","        // re-init local from example.js","        case 'node':","            local = (local.global.utility2_rollup || require('utility2'))","                .requireExampleJsFromReadme();","            break;","        }","        // export local","        local.global.local = local;","    }());","","","","    // run shared js-env code - function","    (function () {","        return;","    }());","    switch (local.modeJs) {","","","","    // run browser js-env code - function","    case 'browser':","        break;","","","","    // run node js-env code - function","    case 'node':","        break;","    }","","","","    // run shared js-env code - post-init","    (function () {","        return;","    }());","    switch (local.modeJs) {","","","","    // run browser js-env code - post-init","    case 'browser':","        local.testCase_browser_nullCase = local.testCase_browser_nullCase || function (","            options,","            onError","        ) {","        /*","         * this function will test browsers's null-case handling-behavior-behavior","         */","            onError(null, options);","        };","","        // run tests","        local.nop(local.modeTest &&","            document.querySelector('#testRunButton1') &&","            document.querySelector('#testRunButton1').click());","        break;","","","","    // run node js-env code - post-init","    /* istanbul ignore next */","    case 'node':","        local.testCase_buildApidoc_default = local.testCase_buildApidoc_default || function (","            options,","            onError","        ) {","        /*","         * this function will test buildApidoc's default handling-behavior-behavior","         */","            options = { modulePathList: module.paths };","            local.buildApidoc(options, onError);","        };","","        local.testCase_buildApp_default = local.testCase_buildApp_default || function (","            options,","            onError","        ) {","        /*","         * this function will test buildApp's default handling-behavior-behavior","         */","            local.testCase_buildReadme_default(options, local.onErrorThrow);","            local.testCase_buildLib_default(options, local.onErrorThrow);","            local.testCase_buildTest_default(options, local.onErrorThrow);","            local.testCase_buildCustomOrg_default(options, local.onErrorThrow);","            options = [];","            local.buildApp(options, onError);","        };","","        local.testCase_buildCustomOrg_default = local.testCase_buildCustomOrg_default ||","            function (options, onError) {","            /*","             * this function will test buildCustomOrg's default handling-behavior","             */","                options = {};","                local.buildCustomOrg(options, onError);","            };","","        local.testCase_buildLib_default = local.testCase_buildLib_default || function (","            options,","            onError","        ) {","        /*","         * this function will test buildLib's default handling-behavior","         */","            options = {};","            local.buildLib(options, onError);","        };","","        local.testCase_buildReadme_default = local.testCase_buildReadme_default || function (","            options,","            onError","        ) {","        /*","         * this function will test buildReadme's default handling-behavior-behavior","         */","            options = {};","            local.buildReadme(options, onError);","        };","","        local.testCase_buildTest_default = local.testCase_buildTest_default || function (","            options,","            onError","        ) {","        /*","         * this function will test buildTest's default handling-behavior","         */","            options = {};","            local.buildTest(options, onError);","        };","","        local.testCase_webpage_default = local.testCase_webpage_default || function (","            options,","            onError","        ) {","        /*","         * this function will test webpage's default handling-behavior","         */","            options = { modeCoverageMerge: true, url: local.serverLocalHost + '?modeTest=1' };","            local.browserTest(options, onError);","        };","","        // run test-server","        local.testRunServer(local);","        break;","    }","}());",""],"l":{"12":2,"14":2,"19":2,"21":2,"23":2,"24":2,"25":2,"30":1,"37":2,"40":2,"43":1,"47":1,"50":1,"52":1,"55":2,"61":2,"62":2,"64":2,"70":1,"76":1,"82":2,"83":2,"85":2,"91":1,"98":1,"102":1,"105":1,"112":1,"119":1,"120":1,"123":1,"130":1,"131":1,"132":1,"133":1,"134":1,"135":1,"138":1,"143":2,"144":2,"147":1,"154":2,"155":2,"158":1,"165":2,"166":2,"169":1,"176":2,"177":2,"180":1,"187":1,"188":1,"192":1,"193":1}},"/home/travis/build/npmtest/node-npmtest-mout/lib.npmtest_mout.js":{"path":"/home/travis/build/npmtest/node-npmtest-mout/lib.npmtest_mout.js","s":{"1":2,"2":2,"3":2,"4":2,"5":2,"6":2,"7":2,"8":1,"9":2,"10":2,"11":2,"12":2,"13":1,"14":1,"15":1,"16":1},"b":{"1":[2,1,1,1],"2":[1,1,1,1],"3":[1,1],"4":[2,2],"5":[1,1]},"f":{"1":2,"2":2,"3":2},"fnMap":{"1":{"name":"(anonymous_1)","line":12,"loc":{"start":{"line":12,"column":1},"end":{"line":12,"column":13}}},"2":{"name":"(anonymous_2)","line":19,"loc":{"start":{"line":19,"column":5},"end":{"line":19,"column":17}}},"3":{"name":"(anonymous_3)","line":23,"loc":{"start":{"line":23,"column":24},"end":{"line":23,"column":36}}}},"statementMap":{"1":{"start":{"line":12,"column":0},"end":{"line":53,"column":5}},"2":{"start":{"line":14,"column":4},"end":{"line":14,"column":14}},"3":{"start":{"line":19,"column":4},"end":{"line":52,"column":9}},"4":{"start":{"line":21,"column":8},"end":{"line":21,"column":19}},"5":{"start":{"line":23,"column":8},"end":{"line":35,"column":13}},"6":{"start":{"line":24,"column":12},"end":{"line":34,"column":13}},"7":{"start":{"line":25,"column":16},"end":{"line":28,"column":30}},"8":{"start":{"line":30,"column":16},"end":{"line":33,"column":27}},"9":{"start":{"line":37,"column":8},"end":{"line":39,"column":21}},"10":{"start":{"line":41,"column":8},"end":{"line":41,"column":54}},"11":{"start":{"line":43,"column":8},"end":{"line":43,"column":49}},"12":{"start":{"line":45,"column":8},"end":{"line":51,"column":9}},"13":{"start":{"line":46,"column":12},"end":{"line":46,"column":55}},"14":{"start":{"line":48,"column":12},"end":{"line":48,"column":35}},"15":{"start":{"line":49,"column":12},"end":{"line":49,"column":49}},"16":{"start":{"line":50,"column":12},"end":{"line":50,"column":43}}},"branchMap":{"1":{"line":25,"type":"binary-expr","locations":[{"start":{"line":25,"column":23},"end":{"line":25,"column":62}},{"start":{"line":26,"column":20},"end":{"line":26,"column":70}},{"start":{"line":27,"column":20},"end":{"line":27,"column":71}},{"start":{"line":28,"column":20},"end":{"line":28,"column":29}}]},"2":{"line":30,"type":"binary-expr","locations":[{"start":{"line":30,"column":23},"end":{"line":30,"column":37}},{"start":{"line":31,"column":20},"end":{"line":31,"column":61}},{"start":{"line":32,"column":20},"end":{"line":32,"column":70}},{"start":{"line":33,"column":20},"end":{"line":33,"column":26}}]},"3":{"line":37,"type":"cond-expr","locations":[{"start":{"line":38,"column":14},"end":{"line":38,"column":20}},{"start":{"line":39,"column":14},"end":{"line":39,"column":20}}]},"4":{"line":41,"type":"binary-expr","locations":[{"start":{"line":41,"column":16},"end":{"line":41,"column":44}},{"start":{"line":41,"column":48},"end":{"line":41,"column":53}}]},"5":{"line":45,"type":"if","locations":[{"start":{"line":45,"column":8},"end":{"line":45,"column":8}},{"start":{"line":45,"column":8},"end":{"line":45,"column":8}}]}},"code":["/* istanbul instrument in package npmtest_mout */","/*jslint","    bitwise: true,","    browser: true,","    maxerr: 8,","    maxlen: 96,","    node: true,","    nomen: true,","    regexp: true,","    stupid: true","*/","(function () {","    'use strict';","    var local;","","","","    // run shared js-env code - pre-init","    (function () {","        // init local","        local = {};","        // init modeJs","        local.modeJs = (function () {","            try {","                return typeof navigator.userAgent === 'string' &&","                    typeof document.querySelector('body') === 'object' &&","                    typeof XMLHttpRequest.prototype.open === 'function' &&","                    'browser';","            } catch (errorCaughtBrowser) {","                return module.exports &&","                    typeof process.versions.node === 'string' &&","                    typeof require('http').createServer === 'function' &&","                    'node';","            }","        }());","        // init global","        local.global = local.modeJs === 'browser'","            ? window","            : global;","        // init utility2_rollup","        local = local.global.utility2_rollup || local;","        // init lib","        local.local = local.npmtest_mout = local;","        // init exports","        if (local.modeJs === 'browser') {","            local.global.utility2_npmtest_mout = local;","        } else {","            module.exports = local;","            module.exports.__dirname = __dirname;","            module.exports.module = module;","        }","    }());","}());",""],"l":{"12":2,"14":2,"19":2,"21":2,"23":2,"24":2,"25":2,"30":1,"37":2,"41":2,"43":2,"45":2,"46":1,"48":1,"49":1,"50":1}},"/home/travis/build/npmtest/node-npmtest-mout/example.js":{"path":"/home/travis/build/npmtest/node-npmtest-mout/example.js","s":{"1":2,"2":2,"3":2,"4":2,"5":2,"6":2,"7":2,"8":1,"9":2,"10":2,"11":2,"12":2,"13":1,"14":2,"15":2,"16":2,"17":2,"18":2,"19":0,"20":2,"21":1,"22":1,"23":1,"24":1,"25":1,"26":0,"27":0,"28":1,"29":1,"30":2,"31":0,"32":0,"33":0,"34":1,"35":2,"36":2,"37":3,"38":3,"39":3,"40":3,"41":0,"42":3,"43":3,"44":3,"45":1,"46":3,"47":1,"48":1,"49":1,"50":1,"51":1,"52":1,"53":1,"54":1,"55":1,"56":1,"57":0,"58":1,"59":6,"60":6,"61":1,"62":2,"63":0,"64":2,"65":1,"66":1,"67":0,"68":0,"69":0,"70":0,"71":0,"72":0,"73":0,"74":0,"75":0,"76":0,"77":0,"78":0,"79":0,"80":0,"81":0,"82":0,"83":0},"b":{"1":[2,1,1,1],"2":[1,1,1,1],"3":[1,1],"4":[2,2],"5":[1,1],"6":[1,1],"7":[2,0],"8":[2,1,1,1,1,1],"9":[0,2,0],"10":[1,1],"11":[2,1,1],"12":[1,0],"13":[0,2],"14":[2,0,0,0,0,0,0],"15":[0,3],"16":[3,0],"17":[1,1],"18":[0,1],"19":[1,2,0,2],"20":[1,0],"21":[1,1],"22":[0,0],"23":[0,0],"24":[0,0],"25":[0,0],"26":[0,0],"27":[0,0],"28":[0,0]},"f":{"1":2,"2":2,"3":2,"4":2,"5":2,"6":2,"7":3,"8":3,"9":3,"10":1,"11":6,"12":0},"fnMap":{"1":{"name":"(anonymous_1)","line":26,"loc":{"start":{"line":26,"column":1},"end":{"line":26,"column":13}}},"2":{"name":"(anonymous_2)","line":33,"loc":{"start":{"line":33,"column":5},"end":{"line":33,"column":17}}},"3":{"name":"(anonymous_3)","line":37,"loc":{"start":{"line":37,"column":24},"end":{"line":37,"column":36}}},"4":{"name":"(anonymous_4)","line":69,"loc":{"start":{"line":69,"column":31},"end":{"line":69,"column":48}},"skip":true},"5":{"name":"(anonymous_5)","line":78,"loc":{"start":{"line":78,"column":26},"end":{"line":78,"column":45}},"skip":true},"6":{"name":"(anonymous_6)","line":123,"loc":{"start":{"line":123,"column":33},"end":{"line":123,"column":48}},"skip":true},"7":{"name":"(anonymous_7)","line":125,"loc":{"start":{"line":125,"column":27},"end":{"line":125,"column":39}},"skip":true},"8":{"name":"(anonymous_8)","line":133,"loc":{"start":{"line":133,"column":59},"end":{"line":133,"column":74}},"skip":true},"9":{"name":"(anonymous_9)","line":143,"loc":{"start":{"line":143,"column":45},"end":{"line":143,"column":62}},"skip":true},"10":{"name":"(anonymous_10)","line":144,"loc":{"start":{"line":144,"column":73},"end":{"line":144,"column":92}},"skip":true},"11":{"name":"(anonymous_11)","line":272,"loc":{"start":{"line":272,"column":51},"end":{"line":272,"column":77}},"skip":true},"12":{"name":"(anonymous_12)","line":315,"loc":{"start":{"line":315,"column":32},"end":{"line":315,"column":61}},"skip":true}},"statementMap":{"1":{"start":{"line":26,"column":0},"end":{"line":326,"column":5}},"2":{"start":{"line":28,"column":4},"end":{"line":28,"column":14}},"3":{"start":{"line":33,"column":4},"end":{"line":60,"column":9}},"4":{"start":{"line":35,"column":8},"end":{"line":35,"column":19}},"5":{"start":{"line":37,"column":8},"end":{"line":49,"column":13}},"6":{"start":{"line":38,"column":12},"end":{"line":48,"column":13}},"7":{"start":{"line":39,"column":16},"end":{"line":42,"column":30}},"8":{"start":{"line":44,"column":16},"end":{"line":47,"column":27}},"9":{"start":{"line":51,"column":8},"end":{"line":53,"column":21}},"10":{"start":{"line":55,"column":8},"end":{"line":57,"column":45}},"11":{"start":{"line":59,"column":8},"end":{"line":59,"column":35}},"12":{"start":{"line":61,"column":4},"end":{"line":325,"column":5}},"13":{"start":{"line":69,"column":8},"end":{"line":121,"column":10},"skip":true},"14":{"start":{"line":70,"column":12},"end":{"line":88,"column":13},"skip":true},"15":{"start":{"line":76,"column":16},"end":{"line":87,"column":19},"skip":true},"16":{"start":{"line":79,"column":20},"end":{"line":86,"column":21},"skip":true},"17":{"start":{"line":82,"column":24},"end":{"line":82,"column":43},"skip":true},"18":{"start":{"line":83,"column":24},"end":{"line":83,"column":30},"skip":true},"19":{"start":{"line":85,"column":24},"end":{"line":85,"column":49},"skip":true},"20":{"start":{"line":89,"column":12},"end":{"line":107,"column":13},"skip":true},"21":{"start":{"line":92,"column":16},"end":{"line":102,"column":17},"skip":true},"22":{"start":{"line":93,"column":20},"end":{"line":93,"column":86},"skip":true},"23":{"start":{"line":94,"column":20},"end":{"line":95,"column":45},"skip":true},"24":{"start":{"line":96,"column":20},"end":{"line":96,"column":42},"skip":true},"25":{"start":{"line":97,"column":20},"end":{"line":97,"column":48},"skip":true},"26":{"start":{"line":100,"column":20},"end":{"line":100,"column":85},"skip":true},"27":{"start":{"line":101,"column":20},"end":{"line":101,"column":96},"skip":true},"28":{"start":{"line":103,"column":16},"end":{"line":103,"column":22},"skip":true},"29":{"start":{"line":106,"column":16},"end":{"line":106,"column":22},"skip":true},"30":{"start":{"line":108,"column":12},"end":{"line":120,"column":13},"skip":true},"31":{"start":{"line":114,"column":16},"end":{"line":119,"column":17},"skip":true},"32":{"start":{"line":116,"column":20},"end":{"line":116,"column":78},"skip":true},"33":{"start":{"line":118,"column":20},"end":{"line":118,"column":47},"skip":true},"34":{"start":{"line":123,"column":8},"end":{"line":141,"column":11},"skip":true},"35":{"start":{"line":124,"column":12},"end":{"line":124,"column":54},"skip":true},"36":{"start":{"line":125,"column":12},"end":{"line":140,"column":14},"skip":true},"37":{"start":{"line":126,"column":16},"end":{"line":126,"column":28},"skip":true},"38":{"start":{"line":127,"column":16},"end":{"line":127,"column":69},"skip":true},"39":{"start":{"line":128,"column":16},"end":{"line":128,"column":75},"skip":true},"40":{"start":{"line":129,"column":16},"end":{"line":131,"column":17},"skip":true},"41":{"start":{"line":130,"column":20},"end":{"line":130,"column":27},"skip":true},"42":{"start":{"line":133,"column":16},"end":{"line":137,"column":36},"skip":true},"43":{"start":{"line":134,"column":20},"end":{"line":136,"column":55},"skip":true},"44":{"start":{"line":139,"column":16},"end":{"line":139,"column":57},"skip":true},"45":{"start":{"line":143,"column":8},"end":{"line":147,"column":11},"skip":true},"46":{"start":{"line":144,"column":12},"end":{"line":146,"column":15},"skip":true},"47":{"start":{"line":145,"column":16},"end":{"line":145,"column":70},"skip":true},"48":{"start":{"line":149,"column":8},"end":{"line":149,"column":31},"skip":true},"49":{"start":{"line":150,"column":8},"end":{"line":150,"column":14},"skip":true},"50":{"start":{"line":158,"column":8},"end":{"line":158,"column":31},"skip":true},"51":{"start":{"line":160,"column":8},"end":{"line":160,"column":33},"skip":true},"52":{"start":{"line":161,"column":8},"end":{"line":161,"column":37},"skip":true},"53":{"start":{"line":162,"column":8},"end":{"line":162,"column":35},"skip":true},"54":{"start":{"line":164,"column":8},"end":{"line":164,"column":50},"skip":true},"55":{"start":{"line":166,"column":8},"end":{"line":256,"column":2},"skip":true},"56":{"start":{"line":258,"column":8},"end":{"line":286,"column":9},"skip":true},"57":{"start":{"line":259,"column":12},"end":{"line":269,"column":14},"skip":true},"58":{"start":{"line":271,"column":12},"end":{"line":285,"column":19},"skip":true},"59":{"start":{"line":274,"column":20},"end":{"line":274,"column":35},"skip":true},"60":{"start":{"line":275,"column":20},"end":{"line":284,"column":21},"skip":true},"61":{"start":{"line":277,"column":24},"end":{"line":277,"column":64},"skip":true},"62":{"start":{"line":279,"column":24},"end":{"line":279,"column":40},"skip":true},"63":{"start":{"line":281,"column":24},"end":{"line":281,"column":40},"skip":true},"64":{"start":{"line":283,"column":24},"end":{"line":283,"column":39},"skip":true},"65":{"start":{"line":288,"column":8},"end":{"line":290,"column":9},"skip":true},"66":{"start":{"line":289,"column":12},"end":{"line":289,"column":18},"skip":true},"67":{"start":{"line":291,"column":8},"end":{"line":293,"column":54},"skip":true},"68":{"start":{"line":296,"column":8},"end":{"line":301,"column":37},"skip":true},"69":{"start":{"line":303,"column":8},"end":{"line":303,"column":82},"skip":true},"70":{"start":{"line":306,"column":8},"end":{"line":308,"column":9},"skip":true},"71":{"start":{"line":307,"column":12},"end":{"line":307,"column":82},"skip":true},"72":{"start":{"line":310,"column":8},"end":{"line":312,"column":9},"skip":true},"73":{"start":{"line":311,"column":12},"end":{"line":311,"column":18},"skip":true},"74":{"start":{"line":313,"column":8},"end":{"line":313,"column":54},"skip":true},"75":{"start":{"line":314,"column":8},"end":{"line":314,"column":69},"skip":true},"76":{"start":{"line":315,"column":8},"end":{"line":323,"column":36},"skip":true},"77":{"start":{"line":316,"column":12},"end":{"line":316,"column":61},"skip":true},"78":{"start":{"line":317,"column":12},"end":{"line":320,"column":13},"skip":true},"79":{"start":{"line":318,"column":16},"end":{"line":318,"column":75},"skip":true},"80":{"start":{"line":319,"column":16},"end":{"line":319,"column":23},"skip":true},"81":{"start":{"line":321,"column":12},"end":{"line":321,"column":38},"skip":true},"82":{"start":{"line":322,"column":12},"end":{"line":322,"column":27},"skip":true},"83":{"start":{"line":324,"column":8},"end":{"line":324,"column":14},"skip":true}},"branchMap":{"1":{"line":39,"type":"binary-expr","locations":[{"start":{"line":39,"column":23},"end":{"line":39,"column":62}},{"start":{"line":40,"column":20},"end":{"line":40,"column":70}},{"start":{"line":41,"column":20},"end":{"line":41,"column":71}},{"start":{"line":42,"column":20},"end":{"line":42,"column":29}}]},"2":{"line":44,"type":"binary-expr","locations":[{"start":{"line":44,"column":23},"end":{"line":44,"column":37}},{"start":{"line":45,"column":20},"end":{"line":45,"column":61}},{"start":{"line":46,"column":20},"end":{"line":46,"column":70}},{"start":{"line":47,"column":20},"end":{"line":47,"column":26}}]},"3":{"line":51,"type":"cond-expr","locations":[{"start":{"line":52,"column":14},"end":{"line":52,"column":20}},{"start":{"line":53,"column":14},"end":{"line":53,"column":20}}]},"4":{"line":55,"type":"binary-expr","locations":[{"start":{"line":55,"column":16},"end":{"line":55,"column":44}},{"start":{"line":55,"column":49},"end":{"line":57,"column":43}}]},"5":{"line":55,"type":"cond-expr","locations":[{"start":{"line":56,"column":14},"end":{"line":56,"column":48}},{"start":{"line":57,"column":14},"end":{"line":57,"column":43}}]},"6":{"line":61,"type":"switch","locations":[{"start":{"line":68,"column":4},"end":{"line":150,"column":14},"skip":true},{"start":{"line":156,"column":4},"end":{"line":324,"column":14},"skip":true}]},"7":{"line":70,"type":"if","locations":[{"start":{"line":70,"column":12},"end":{"line":70,"column":12},"skip":true},{"start":{"line":70,"column":12},"end":{"line":70,"column":12},"skip":true}]},"8":{"line":70,"type":"binary-expr","locations":[{"start":{"line":70,"column":16},"end":{"line":70,"column":22},"skip":true},{"start":{"line":70,"column":27},"end":{"line":70,"column":32},"skip":true},{"start":{"line":71,"column":20},"end":{"line":71,"column":39},"skip":true},{"start":{"line":72,"column":20},"end":{"line":72,"column":49},"skip":true},{"start":{"line":73,"column":20},"end":{"line":73,"column":58},"skip":true},{"start":{"line":74,"column":20},"end":{"line":74,"column":69},"skip":true}]},"9":{"line":79,"type":"switch","locations":[{"start":{"line":80,"column":20},"end":{"line":80,"column":33},"skip":true},{"start":{"line":81,"column":20},"end":{"line":83,"column":30},"skip":true},{"start":{"line":84,"column":20},"end":{"line":85,"column":49},"skip":true}]},"10":{"line":89,"type":"switch","locations":[{"start":{"line":90,"column":12},"end":{"line":103,"column":22},"skip":true},{"start":{"line":105,"column":12},"end":{"line":106,"column":22},"skip":true}]},"11":{"line":89,"type":"binary-expr","locations":[{"start":{"line":89,"column":20},"end":{"line":89,"column":25},"skip":true},{"start":{"line":89,"column":29},"end":{"line":89,"column":48},"skip":true},{"start":{"line":89,"column":52},"end":{"line":89,"column":74},"skip":true}]},"12":{"line":92,"type":"if","locations":[{"start":{"line":92,"column":16},"end":{"line":92,"column":16},"skip":true},{"start":{"line":92,"column":16},"end":{"line":92,"column":16},"skip":true}]},"13":{"line":108,"type":"if","locations":[{"start":{"line":108,"column":12},"end":{"line":108,"column":12},"skip":true},{"start":{"line":108,"column":12},"end":{"line":108,"column":12},"skip":true}]},"14":{"line":108,"type":"binary-expr","locations":[{"start":{"line":108,"column":16},"end":{"line":108,"column":61},"skip":true},{"start":{"line":108,"column":66},"end":{"line":108,"column":72},"skip":true},{"start":{"line":108,"column":77},"end":{"line":108,"column":82},"skip":true},{"start":{"line":109,"column":20},"end":{"line":109,"column":39},"skip":true},{"start":{"line":110,"column":20},"end":{"line":110,"column":49},"skip":true},{"start":{"line":111,"column":20},"end":{"line":111,"column":58},"skip":true},{"start":{"line":112,"column":20},"end":{"line":112,"column":68},"skip":true}]},"15":{"line":129,"type":"if","locations":[{"start":{"line":129,"column":16},"end":{"line":129,"column":16},"skip":true},{"start":{"line":129,"column":16},"end":{"line":129,"column":16},"skip":true}]},"16":{"line":134,"type":"cond-expr","locations":[{"start":{"line":135,"column":26},"end":{"line":135,"column":29},"skip":true},{"start":{"line":136,"column":26},"end":{"line":136,"column":54},"skip":true}]},"17":{"line":164,"type":"binary-expr","locations":[{"start":{"line":164,"column":27},"end":{"line":164,"column":43},"skip":true},{"start":{"line":164,"column":47},"end":{"line":164,"column":49},"skip":true}]},"18":{"line":258,"type":"if","locations":[{"start":{"line":258,"column":8},"end":{"line":258,"column":8},"skip":true},{"start":{"line":258,"column":8},"end":{"line":258,"column":8},"skip":true}]},"19":{"line":275,"type":"switch","locations":[{"start":{"line":276,"column":20},"end":{"line":277,"column":64},"skip":true},{"start":{"line":278,"column":20},"end":{"line":279,"column":40},"skip":true},{"start":{"line":280,"column":20},"end":{"line":281,"column":40},"skip":true},{"start":{"line":282,"column":20},"end":{"line":283,"column":39},"skip":true}]},"20":{"line":288,"type":"if","locations":[{"start":{"line":288,"column":8},"end":{"line":288,"column":8},"skip":true},{"start":{"line":288,"column":8},"end":{"line":288,"column":8},"skip":true}]},"21":{"line":288,"type":"binary-expr","locations":[{"start":{"line":288,"column":12},"end":{"line":288,"column":40},"skip":true},{"start":{"line":288,"column":44},"end":{"line":288,"column":67},"skip":true}]},"22":{"line":292,"type":"binary-expr","locations":[{"start":{"line":292,"column":12},"end":{"line":292,"column":50},"skip":true},{"start":{"line":293,"column":12},"end":{"line":293,"column":53},"skip":true}]},"23":{"line":297,"type":"binary-expr","locations":[{"start":{"line":297,"column":12},"end":{"line":297,"column":62},"skip":true},{"start":{"line":298,"column":12},"end":{"line":301,"column":36},"skip":true}]},"24":{"line":303,"type":"binary-expr","locations":[{"start":{"line":303,"column":43},"end":{"line":303,"column":75},"skip":true},{"start":{"line":303,"column":79},"end":{"line":303,"column":81},"skip":true}]},"25":{"line":306,"type":"if","locations":[{"start":{"line":306,"column":8},"end":{"line":306,"column":8},"skip":true},{"start":{"line":306,"column":8},"end":{"line":306,"column":8},"skip":true}]},"26":{"line":310,"type":"if","locations":[{"start":{"line":310,"column":8},"end":{"line":310,"column":8},"skip":true},{"start":{"line":310,"column":8},"end":{"line":310,"column":8},"skip":true}]},"27":{"line":313,"type":"binary-expr","locations":[{"start":{"line":313,"column":27},"end":{"line":313,"column":43},"skip":true},{"start":{"line":313,"column":47},"end":{"line":313,"column":53},"skip":true}]},"28":{"line":317,"type":"if","locations":[{"start":{"line":317,"column":12},"end":{"line":317,"column":12},"skip":true},{"start":{"line":317,"column":12},"end":{"line":317,"column":12},"skip":true}]}},"code":["/*","example.js","","quickstart example","","instruction","    1. save this script as example.js","    2. run the shell command:","        $ npm install npmtest-mout && PORT=8081 node example.js","    3. play with the browser-demo on http://127.0.0.1:8081","*/","","","","/* istanbul instrument in package npmtest_mout */","/*jslint","    bitwise: true,","    browser: true,","    maxerr: 8,","    maxlen: 96,","    node: true,","    nomen: true,","    regexp: true,","    stupid: true","*/","(function () {","    'use strict';","    var local;","","","","    // run shared js-env code - pre-init","    (function () {","        // init local","        local = {};","        // init modeJs","        local.modeJs = (function () {","            try {","                return typeof navigator.userAgent === 'string' &&","                    typeof document.querySelector('body') === 'object' &&","                    typeof XMLHttpRequest.prototype.open === 'function' &&","                    'browser';","            } catch (errorCaughtBrowser) {","                return module.exports &&","                    typeof process.versions.node === 'string' &&","                    typeof require('http').createServer === 'function' &&","                    'node';","            }","        }());","        // init global","        local.global = local.modeJs === 'browser'","            ? window","            : global;","        // init utility2_rollup","        local = local.global.utility2_rollup || (local.modeJs === 'browser'","            ? local.global.utility2_npmtest_mout","            : global.utility2_moduleExports);","        // export local","        local.global.local = local;","    }());","    switch (local.modeJs) {","","","","    // post-init","    // run browser js-env code - post-init","    /* istanbul ignore next */","    case 'browser':","        local.testRunBrowser = function (event) {","            if (!event || (event &&","                    event.currentTarget &&","                    event.currentTarget.className &&","                    event.currentTarget.className.includes &&","                    event.currentTarget.className.includes('onreset'))) {","                // reset output","                Array.from(","                    document.querySelectorAll('body > .resettable')","                ).forEach(function (element) {","                    switch (element.tagName) {","                    case 'INPUT':","                    case 'TEXTAREA':","                        element.value = '';","                        break;","                    default:","                        element.textContent = '';","                    }","                });","            }","            switch (event && event.currentTarget && event.currentTarget.id) {","            case 'testRunButton1':","                // show tests","                if (document.querySelector('#testReportDiv1').style.display === 'none') {","                    document.querySelector('#testReportDiv1').style.display = 'block';","                    document.querySelector('#testRunButton1').textContent =","                        'hide internal test';","                    local.modeTest = true;","                    local.testRunDefault(local);","                // hide tests","                } else {","                    document.querySelector('#testReportDiv1').style.display = 'none';","                    document.querySelector('#testRunButton1').textContent = 'run internal test';","                }","                break;","            // custom-case","            default:","                break;","            }","            if (document.querySelector('#inputTextareaEval1') && (!event || (event &&","                    event.currentTarget &&","                    event.currentTarget.className &&","                    event.currentTarget.className.includes &&","                    event.currentTarget.className.includes('oneval')))) {","                // try to eval input-code","                try {","                    /*jslint evil: true*/","                    eval(document.querySelector('#inputTextareaEval1').value);","                } catch (errorCaught) {","                    console.error(errorCaught);","                }","            }","        };","        // log stderr and stdout to #outputTextareaStdout1","        ['error', 'log'].forEach(function (key) {","            console[key + '_original'] = console[key];","            console[key] = function () {","                var element;","                console[key + '_original'].apply(console, arguments);","                element = document.querySelector('#outputTextareaStdout1');","                if (!element) {","                    return;","                }","                // append text to #outputTextareaStdout1","                element.value += Array.from(arguments).map(function (arg) {","                    return typeof arg === 'string'","                        ? arg","                        : JSON.stringify(arg, null, 4);","                }).join(' ') + '\\n';","                // scroll textarea to bottom","                element.scrollTop = element.scrollHeight;","            };","        });","        // init event-handling","        ['change', 'click', 'keyup'].forEach(function (event) {","            Array.from(document.querySelectorAll('.on' + event)).forEach(function (element) {","                element.addEventListener(event, local.testRunBrowser);","            });","        });","        // run tests","        local.testRunBrowser();","        break;","","","","    // run node js-env code - post-init","    /* istanbul ignore next */","    case 'node':","        // export local","        module.exports = local;","        // require modules","        local.fs = require('fs');","        local.http = require('http');","        local.url = require('url');","        // init assets","        local.assetsDict = local.assetsDict || {};","        /* jslint-ignore-begin */","        local.assetsDict['/assets.index.template.html'] = '\\","<!doctype html>\\n\\","<html lang=\"en\">\\n\\","<head>\\n\\","<meta charset=\"UTF-8\">\\n\\","<meta name=\"viewport\" content=\"width=device-width, initial-scale=1\">\\n\\","<title>{{env.npm_package_name}} (v{{env.npm_package_version}})</title>\\n\\","<style>\\n\\","/*csslint\\n\\","    box-sizing: false,\\n\\","    universal-selector: false\\n\\","*/\\n\\","* {\\n\\","    box-sizing: border-box;\\n\\","}\\n\\","body {\\n\\","    background: #dde;\\n\\","    font-family: Arial, Helvetica, sans-serif;\\n\\","    margin: 2rem;\\n\\","}\\n\\","body > * {\\n\\","    margin-bottom: 1rem;\\n\\","}\\n\\",".utility2FooterDiv {\\n\\","    margin-top: 20px;\\n\\","    text-align: center;\\n\\","}\\n\\","</style>\\n\\","<style>\\n\\","/*csslint\\n\\","*/\\n\\","textarea {\\n\\","    font-family: monospace;\\n\\","    height: 10rem;\\n\\","    width: 100%;\\n\\","}\\n\\","textarea[readonly] {\\n\\","    background: #ddd;\\n\\","}\\n\\","</style>\\n\\","</head>\\n\\","<body>\\n\\","<!-- utility2-comment\\n\\","<div id=\"ajaxProgressDiv1\" style=\"background: #d00; height: 2px; left: 0; margin: 0; padding: 0; position: fixed; top: 0; transition: background 0.5s, width 1.5s; width: 25%;\"></div>\\n\\","utility2-comment -->\\n\\","<h1>\\n\\","<!-- utility2-comment\\n\\","    <a\\n\\","        {{#if env.npm_package_homepage}}\\n\\","        href=\"{{env.npm_package_homepage}}\"\\n\\","        {{/if env.npm_package_homepage}}\\n\\","        target=\"_blank\"\\n\\","    >\\n\\","utility2-comment -->\\n\\","        {{env.npm_package_name}} (v{{env.npm_package_version}})\\n\\","<!-- utility2-comment\\n\\","    </a>\\n\\","utility2-comment -->\\n\\","</h1>\\n\\","<h3>{{env.npm_package_description}}</h3>\\n\\","<!-- utility2-comment\\n\\","<h4><a download href=\"assets.app.js\">download standalone app</a></h4>\\n\\","<button class=\"onclick onreset\" id=\"testRunButton1\">run internal test</button><br>\\n\\","<div id=\"testReportDiv1\" style=\"display: none;\"></div>\\n\\","utility2-comment -->\\n\\","\\n\\","\\n\\","\\n\\","<label>stderr and stdout</label>\\n\\","<textarea class=\"resettable\" id=\"outputTextareaStdout1\" readonly></textarea>\\n\\","<!-- utility2-comment\\n\\","{{#if isRollup}}\\n\\","<script src=\"assets.app.js\"></script>\\n\\","{{#unless isRollup}}\\n\\","utility2-comment -->\\n\\","<script src=\"assets.utility2.rollup.js\"></script>\\n\\","<script src=\"jsonp.utility2._stateInit?callback=window.utility2._stateInit\"></script>\\n\\","<script src=\"assets.npmtest_mout.rollup.js\"></script>\\n\\","<script src=\"assets.example.js\"></script>\\n\\","<script src=\"assets.test.js\"></script>\\n\\","<!-- utility2-comment\\n\\","{{/if isRollup}}\\n\\","utility2-comment -->\\n\\","<div class=\"utility2FooterDiv\">\\n\\","    [ this app was created with\\n\\","    <a href=\"https://github.com/kaizhu256/node-utility2\" target=\"_blank\">utility2</a>\\n\\","    ]\\n\\","</div>\\n\\","</body>\\n\\","</html>\\n\\","';","        /* jslint-ignore-end */","        if (local.templateRender) {","            local.assetsDict['/'] = local.templateRender(","                local.assetsDict['/assets.index.template.html'],","                {","                    env: local.objectSetDefault(local.env, {","                        npm_package_description: 'the greatest app in the world!',","                        npm_package_name: 'my-app',","                        npm_package_nameAlias: 'my_app',","                        npm_package_version: '0.0.1'","                    })","                }","            );","        } else {","            local.assetsDict['/'] = local.assetsDict['/assets.index.template.html']","                .replace((/\\{\\{env\\.(\\w+?)\\}\\}/g), function (match0, match1) {","                    // jslint-hack","                    String(match0);","                    switch (match1) {","                    case 'npm_package_description':","                        return 'the greatest app in the world!';","                    case 'npm_package_name':","                        return 'my-app';","                    case 'npm_package_nameAlias':","                        return 'my_app';","                    case 'npm_package_version':","                        return '0.0.1';","                    }","                });","        }","        // run the cli","        if (local.global.utility2_rollup || module !== require.main) {","            break;","        }","        local.assetsDict['/assets.example.js'] =","            local.assetsDict['/assets.example.js'] ||","            local.fs.readFileSync(__filename, 'utf8');","        // bug-workaround - long $npm_package_buildCustomOrg","        /* jslint-ignore-begin */","        local.assetsDict['/assets.npmtest_mout.rollup.js'] =","            local.assetsDict['/assets.npmtest_mout.rollup.js'] ||","            local.fs.readFileSync(","                local.npmtest_mout.__dirname + '/lib.npmtest_mout.js',","                'utf8'","            ).replace((/^#!/), '//');","        /* jslint-ignore-end */","        local.assetsDict['/favicon.ico'] = local.assetsDict['/favicon.ico'] || '';","        // if $npm_config_timeout_exit exists,","        // then exit this process after $npm_config_timeout_exit ms","        if (Number(process.env.npm_config_timeout_exit)) {","            setTimeout(process.exit, Number(process.env.npm_config_timeout_exit));","        }","        // start server","        if (local.global.utility2_serverHttp1) {","            break;","        }","        process.env.PORT = process.env.PORT || '8081';","        console.error('server starting on port ' + process.env.PORT);","        local.http.createServer(function (request, response) {","            request.urlParsed = local.url.parse(request.url);","            if (local.assetsDict[request.urlParsed.pathname] !== undefined) {","                response.end(local.assetsDict[request.urlParsed.pathname]);","                return;","            }","            response.statusCode = 404;","            response.end();","        }).listen(process.env.PORT);","        break;","    }","}());",""],"l":{"26":2,"28":2,"33":2,"35":2,"37":2,"38":2,"39":2,"44":1,"51":2,"55":2,"59":2,"61":2,"69":1,"70":2,"76":2,"79":2,"82":2,"83":2,"85":1,"89":2,"92":1,"93":1,"94":1,"96":1,"97":1,"100":1,"101":1,"103":1,"106":1,"108":2,"114":1,"116":1,"118":1,"123":1,"124":2,"125":2,"126":3,"127":3,"128":3,"129":3,"130":1,"133":3,"134":3,"139":3,"143":1,"144":3,"145":1,"149":1,"150":1,"158":1,"160":1,"161":1,"162":1,"164":1,"166":1,"258":1,"259":1,"271":1,"274":6,"275":6,"277":1,"279":2,"281":1,"283":2,"288":1,"289":1,"291":1,"296":1,"303":1,"306":1,"307":1,"310":1,"311":1,"313":1,"314":1,"315":1,"316":1,"317":1,"318":1,"319":1,"321":1,"322":1,"324":1}},"/home/travis/build/npmtest/node-npmtest-mout/node_modules/mout/index.js":{"path":"/home/travis/build/npmtest/node-npmtest-mout/node_modules/mout/index.js","s":{"1":1},"b":{},"f":{},"fnMap":{},"statementMap":{"1":{"start":{"line":8,"column":0},"end":{"line":23,"column":2}}},"branchMap":{},"code":["/**@license"," * mout v1.0.0 | http://moutjs.com | MIT license"," */","","","//automatically generated, do not edit!","//run `node build` instead","module.exports = {","    'VERSION' : '1.0.0',","    'array' : require('./array'),","    'collection' : require('./collection'),","    'date' : require('./date'),","    'function' : require('./function'),","    'lang' : require('./lang'),","    'math' : require('./math'),","    'number' : require('./number'),","    'object' : require('./object'),","    'queryString' : require('./queryString'),","    'random' : require('./random'),","    'string' : require('./string'),","    'time' : require('./time'),","    'fn' : require('./function')","};","","",""],"l":{"8":1}},"/home/travis/build/npmtest/node-npmtest-mout/node_modules/mout/array.js":{"path":"/home/travis/build/npmtest/node-npmtest-mout/node_modules/mout/array.js","s":{"1":1},"b":{},"f":{},"fnMap":{},"statementMap":{"1":{"start":{"line":5,"column":0},"end":{"line":54,"column":2}}},"branchMap":{},"code":["","","//automatically generated, do not edit!","//run `node build` instead","module.exports = {","    'append' : require('./array/append'),","    'collect' : require('./array/collect'),","    'combine' : require('./array/combine'),","    'compact' : require('./array/compact'),","    'contains' : require('./array/contains'),","    'difference' : require('./array/difference'),","    'equals' : require('./array/equals'),","    'every' : require('./array/every'),","    'filter' : require('./array/filter'),","    'find' : require('./array/find'),","    'findIndex' : require('./array/findIndex'),","    'findLast' : require('./array/findLast'),","    'findLastIndex' : require('./array/findLastIndex'),","    'flatten' : require('./array/flatten'),","    'forEach' : require('./array/forEach'),","    'groupBy' : require('./array/groupBy'),","    'indexOf' : require('./array/indexOf'),","    'indicesOf' : require('./array/indicesOf'),","    'insert' : require('./array/insert'),","    'intersection' : require('./array/intersection'),","    'invoke' : require('./array/invoke'),","    'join' : require('./array/join'),","    'last' : require('./array/last'),","    'lastIndexOf' : require('./array/lastIndexOf'),","    'map' : require('./array/map'),","    'max' : require('./array/max'),","    'min' : require('./array/min'),","    'pick' : require('./array/pick'),","    'pluck' : require('./array/pluck'),","    'range' : require('./array/range'),","    'reduce' : require('./array/reduce'),","    'reduceRight' : require('./array/reduceRight'),","    'reject' : require('./array/reject'),","    'remove' : require('./array/remove'),","    'removeAll' : require('./array/removeAll'),","    'reverse' : require('./array/reverse'),","    'shuffle' : require('./array/shuffle'),","    'slice' : require('./array/slice'),","    'some' : require('./array/some'),","    'sort' : require('./array/sort'),","    'sortBy' : require('./array/sortBy'),","    'split' : require('./array/split'),","    'take' : require('./array/take'),","    'toLookup' : require('./array/toLookup'),","    'union' : require('./array/union'),","    'unique' : require('./array/unique'),","    'xor' : require('./array/xor'),","    'zip' : require('./array/zip')","};","","",""],"l":{"5":1}},"/home/travis/build/npmtest/node-npmtest-mout/node_modules/mout/array/append.js":{"path":"/home/travis/build/npmtest/node-npmtest-mout/node_modules/mout/array/append.js","s":{"1":1,"2":0,"3":0,"4":0,"5":0,"6":0,"7":0,"8":1},"b":{"1":[0,0]},"f":{"1":0},"fnMap":{"1":{"name":"append","line":7,"loc":{"start":{"line":7,"column":4},"end":{"line":7,"column":32}}}},"statementMap":{"1":{"start":{"line":7,"column":4},"end":{"line":19,"column":5}},"2":{"start":{"line":8,"column":8},"end":{"line":10,"column":9}},"3":{"start":{"line":9,"column":12},"end":{"line":9,"column":24}},"4":{"start":{"line":12,"column":8},"end":{"line":14,"column":30}},"5":{"start":{"line":15,"column":8},"end":{"line":17,"column":9}},"6":{"start":{"line":16,"column":12},"end":{"line":16,"column":36}},"7":{"start":{"line":18,"column":8},"end":{"line":18,"column":20}},"8":{"start":{"line":20,"column":4},"end":{"line":20,"column":28}}},"branchMap":{"1":{"line":8,"type":"if","locations":[{"start":{"line":8,"column":8},"end":{"line":8,"column":8}},{"start":{"line":8,"column":8},"end":{"line":8,"column":8}}]}},"code":["","","    /**","     * Appends an array to the end of another.","     * The first array will be modified.","     */","    function append(arr1, arr2) {","        if (arr2 == null) {","            return arr1;","        }","","        var pad = arr1.length,","            i = -1,","            len = arr2.length;","        while (++i < len) {","            arr1[pad + i] = arr2[i];","        }","        return arr1;","    }","    module.exports = append;","",""],"l":{"7":1,"8":0,"9":0,"12":0,"15":0,"16":0,"18":0,"20":1}},"/home/travis/build/npmtest/node-npmtest-mout/node_modules/mout/array/collect.js":{"path":"/home/travis/build/npmtest/node-npmtest-mout/node_modules/mout/array/collect.js","s":{"1":1,"2":1,"3":1,"4":0,"5":0,"6":0,"7":0,"8":0,"9":0,"10":0,"11":0,"12":0,"13":0,"14":1},"b":{"1":[0,0],"2":[0,0]},"f":{"1":0},"fnMap":{"1":{"name":"collect","line":7,"loc":{"start":{"line":7,"column":4},"end":{"line":7,"column":44}}}},"statementMap":{"1":{"start":{"line":1,"column":0},"end":{"line":1,"column":33}},"2":{"start":{"line":2,"column":0},"end":{"line":2,"column":56}},"3":{"start":{"line":7,"column":4},"end":{"line":23,"column":5}},"4":{"start":{"line":8,"column":8},"end":{"line":8,"column":51}},"5":{"start":{"line":9,"column":8},"end":{"line":9,"column":25}},"6":{"start":{"line":10,"column":8},"end":{"line":12,"column":9}},"7":{"start":{"line":11,"column":12},"end":{"line":11,"column":27}},"8":{"start":{"line":14,"column":8},"end":{"line":14,"column":37}},"9":{"start":{"line":15,"column":8},"end":{"line":20,"column":9}},"10":{"start":{"line":16,"column":12},"end":{"line":16,"column":49}},"11":{"start":{"line":17,"column":12},"end":{"line":19,"column":13}},"12":{"start":{"line":18,"column":16},"end":{"line":18,"column":39}},"13":{"start":{"line":22,"column":8},"end":{"line":22,"column":23}},"14":{"start":{"line":25,"column":4},"end":{"line":25,"column":29}}},"branchMap":{"1":{"line":10,"type":"if","locations":[{"start":{"line":10,"column":8},"end":{"line":10,"column":8}},{"start":{"line":10,"column":8},"end":{"line":10,"column":8}}]},"2":{"line":17,"type":"if","locations":[{"start":{"line":17,"column":12},"end":{"line":17,"column":12}},{"start":{"line":17,"column":12},"end":{"line":17,"column":12}}]}},"code":["var append = require('./append');","var makeIterator = require('../function/makeIterator_');","","    /**","     * Maps the items in the array and concatenates the result arrays.","     */","    function collect(arr, callback, thisObj){","        callback = makeIterator(callback, thisObj);","        var results = [];","        if (arr == null) {","            return results;","        }","","        var i = -1, len = arr.length;","        while (++i < len) {","            var value = callback(arr[i], i, arr);","            if (value != null) {","                append(results, value);","            }","        }","","        return results;","    }","","    module.exports = collect;","","",""],"l":{"1":1,"2":1,"7":1,"8":0,"9":0,"10":0,"11":0,"14":0,"15":0,"16":0,"17":0,"18":0,"22":0,"25":1}},"/home/travis/build/npmtest/node-npmtest-mout/node_modules/mout/function/makeIterator_.js":{"path":"/home/travis/build/npmtest/node-npmtest-mout/node_modules/mout/function/makeIterator_.js","s":{"1":1,"2":1,"3":1,"4":1,"5":0,"6":0,"7":0,"8":0,"9":0,"10":0,"11":0,"12":0,"13":1},"b":{"1":[0,0],"2":[0,0,0,0],"3":[0,0]},"f":{"1":0,"2":0,"3":0},"fnMap":{"1":{"name":"makeIterator","line":10,"loc":{"start":{"line":10,"column":4},"end":{"line":10,"column":39}}},"2":{"name":"(anonymous_2)","line":19,"loc":{"start":{"line":19,"column":57},"end":{"line":19,"column":78}}},"3":{"name":"(anonymous_3)","line":23,"loc":{"start":{"line":23,"column":23},"end":{"line":23,"column":36}}}},"statementMap":{"1":{"start":{"line":1,"column":0},"end":{"line":1,"column":37}},"2":{"start":{"line":2,"column":0},"end":{"line":2,"column":29}},"3":{"start":{"line":3,"column":0},"end":{"line":3,"column":51}},"4":{"start":{"line":10,"column":4},"end":{"line":30,"column":5}},"5":{"start":{"line":11,"column":8},"end":{"line":13,"column":9}},"6":{"start":{"line":12,"column":12},"end":{"line":12,"column":28}},"7":{"start":{"line":14,"column":8},"end":{"line":29,"column":9}},"8":{"start":{"line":19,"column":16},"end":{"line":21,"column":24}},"9":{"start":{"line":20,"column":20},"end":{"line":20,"column":58}},"10":{"start":{"line":23,"column":16},"end":{"line":25,"column":18}},"11":{"start":{"line":24,"column":20},"end":{"line":24,"column":49}},"12":{"start":{"line":28,"column":16},"end":{"line":28,"column":33}},"13":{"start":{"line":32,"column":4},"end":{"line":32,"column":34}}},"branchMap":{"1":{"line":11,"type":"if","locations":[{"start":{"line":11,"column":8},"end":{"line":11,"column":8}},{"start":{"line":11,"column":8},"end":{"line":11,"column":8}}]},"2":{"line":14,"type":"switch","locations":[{"start":{"line":15,"column":12},"end":{"line":21,"column":24}},{"start":{"line":22,"column":12},"end":{"line":25,"column":18}},{"start":{"line":26,"column":12},"end":{"line":26,"column":26}},{"start":{"line":27,"column":12},"end":{"line":28,"column":33}}]},"3":{"line":19,"type":"cond-expr","locations":[{"start":{"line":19,"column":57},"end":{"line":21,"column":17}},{"start":{"line":21,"column":20},"end":{"line":21,"column":23}}]}},"code":["var identity = require('./identity');","var prop = require('./prop');","var deepMatches = require('../object/deepMatches');","","    /**","     * Converts argument into a valid iterator.","     * Used internally on most array/object/collection methods that receives a","     * callback/iterator providing a shortcut syntax.","     */","    function makeIterator(src, thisObj){","        if (src == null) {","            return identity;","        }","        switch(typeof src) {","            case 'function':","                // function is the first to improve perf (most common case)","                // also avoid using `Function#call` if not needed, which boosts","                // perf a lot in some cases","                return (typeof thisObj !== 'undefined')? function(val, i, arr){","                    return src.call(thisObj, val, i, arr);","                } : src;","            case 'object':","                return function(val){","                    return deepMatches(val, src);","                };","            case 'string':","            case 'number':","                return prop(src);","        }","    }","","    module.exports = makeIterator;","","",""],"l":{"1":1,"2":1,"3":1,"10":1,"11":0,"12":0,"14":0,"19":0,"20":0,"23":0,"24":0,"28":0,"32":1}},"/home/travis/build/npmtest/node-npmtest-mout/node_modules/mout/function/identity.js":{"path":"/home/travis/build/npmtest/node-npmtest-mout/node_modules/mout/function/identity.js","s":{"1":1,"2":0,"3":1},"b":{},"f":{"1":0},"fnMap":{"1":{"name":"identity","line":6,"loc":{"start":{"line":6,"column":4},"end":{"line":6,"column":26}}}},"statementMap":{"1":{"start":{"line":6,"column":4},"end":{"line":8,"column":5}},"2":{"start":{"line":7,"column":8},"end":{"line":7,"column":19}},"3":{"start":{"line":10,"column":4},"end":{"line":10,"column":30}}},"branchMap":{},"code":["","","    /**","     * Returns the first argument provided to it.","     */","    function identity(val){","        return val;","    }","","    module.exports = identity;","","",""],"l":{"6":1,"7":0,"10":1}},"/home/travis/build/npmtest/node-npmtest-mout/node_modules/mout/function/prop.js":{"path":"/home/travis/build/npmtest/node-npmtest-mout/node_modules/mout/function/prop.js","s":{"1":1,"2":0,"3":0,"4":1},"b":{},"f":{"1":0,"2":0},"fnMap":{"1":{"name":"prop","line":6,"loc":{"start":{"line":6,"column":4},"end":{"line":6,"column":23}}},"2":{"name":"(anonymous_2)","line":7,"loc":{"start":{"line":7,"column":15},"end":{"line":7,"column":28}}}},"statementMap":{"1":{"start":{"line":6,"column":4},"end":{"line":10,"column":5}},"2":{"start":{"line":7,"column":8},"end":{"line":9,"column":10}},"3":{"start":{"line":8,"column":12},"end":{"line":8,"column":29}},"4":{"start":{"line":12,"column":4},"end":{"line":12,"column":26}}},"branchMap":{},"code":["","","    /**","     * Returns a function that gets a property of the passed object","     */","    function prop(name){","        return function(obj){","            return obj[name];","        };","    }","","    module.exports = prop;","","",""],"l":{"6":1,"7":0,"8":0,"12":1}},"/home/travis/build/npmtest/node-npmtest-mout/node_modules/mout/object/deepMatches.js":{"path":"/home/travis/build/npmtest/node-npmtest-mout/node_modules/mout/object/deepMatches.js","s":{"1":1,"2":1,"3":1,"4":0,"5":0,"6":0,"7":0,"8":0,"9":1,"10":0,"11":0,"12":0,"13":0,"14":0,"15":1,"16":0,"17":0,"18":0,"19":0,"20":0,"21":1,"22":0,"23":0,"24":0,"25":0,"26":0,"27":1},"b":{"1":[0,0],"2":[0,0],"3":[0,0],"4":[0,0],"5":[0,0,0,0],"6":[0,0],"7":[0,0]},"f":{"1":0,"2":0,"3":0,"4":0,"5":0},"fnMap":{"1":{"name":"containsMatch","line":4,"loc":{"start":{"line":4,"column":4},"end":{"line":4,"column":43}}},"2":{"name":"matchArray","line":15,"loc":{"start":{"line":15,"column":4},"end":{"line":15,"column":41}}},"3":{"name":"matchObject","line":26,"loc":{"start":{"line":26,"column":4},"end":{"line":26,"column":42}}},"4":{"name":"(anonymous_4)","line":28,"loc":{"start":{"line":28,"column":24},"end":{"line":28,"column":43}}},"5":{"name":"deepMatches","line":41,"loc":{"start":{"line":41,"column":4},"end":{"line":41,"column":41}}}},"statementMap":{"1":{"start":{"line":1,"column":0},"end":{"line":1,"column":33}},"2":{"start":{"line":2,"column":0},"end":{"line":2,"column":41}},"3":{"start":{"line":4,"column":4},"end":{"line":13,"column":5}},"4":{"start":{"line":5,"column":8},"end":{"line":5,"column":42}},"5":{"start":{"line":6,"column":8},"end":{"line":10,"column":9}},"6":{"start":{"line":7,"column":12},"end":{"line":9,"column":13}},"7":{"start":{"line":8,"column":16},"end":{"line":8,"column":28}},"8":{"start":{"line":12,"column":8},"end":{"line":12,"column":21}},"9":{"start":{"line":15,"column":4},"end":{"line":24,"column":5}},"10":{"start":{"line":16,"column":8},"end":{"line":16,"column":51}},"11":{"start":{"line":17,"column":8},"end":{"line":21,"column":9}},"12":{"start":{"line":18,"column":12},"end":{"line":20,"column":13}},"13":{"start":{"line":19,"column":16},"end":{"line":19,"column":29}},"14":{"start":{"line":23,"column":8},"end":{"line":23,"column":20}},"15":{"start":{"line":26,"column":4},"end":{"line":36,"column":5}},"16":{"start":{"line":27,"column":8},"end":{"line":27,"column":26}},"17":{"start":{"line":28,"column":8},"end":{"line":33,"column":11}},"18":{"start":{"line":29,"column":12},"end":{"line":32,"column":13}},"19":{"start":{"line":31,"column":16},"end":{"line":31,"column":40}},"20":{"start":{"line":35,"column":8},"end":{"line":35,"column":22}},"21":{"start":{"line":41,"column":4},"end":{"line":52,"column":5}},"22":{"start":{"line":42,"column":8},"end":{"line":51,"column":9}},"23":{"start":{"line":44,"column":12},"end":{"line":48,"column":13}},"24":{"start":{"line":45,"column":16},"end":{"line":45,"column":51}},"25":{"start":{"line":47,"column":16},"end":{"line":47,"column":52}},"26":{"start":{"line":50,"column":12},"end":{"line":50,"column":38}},"27":{"start":{"line":54,"column":4},"end":{"line":54,"column":33}}},"branchMap":{"1":{"line":7,"type":"if","locations":[{"start":{"line":7,"column":12},"end":{"line":7,"column":12}},{"start":{"line":7,"column":12},"end":{"line":7,"column":12}}]},"2":{"line":18,"type":"if","locations":[{"start":{"line":18,"column":12},"end":{"line":18,"column":12}},{"start":{"line":18,"column":12},"end":{"line":18,"column":12}}]},"3":{"line":29,"type":"if","locations":[{"start":{"line":29,"column":12},"end":{"line":29,"column":12}},{"start":{"line":29,"column":12},"end":{"line":29,"column":12}}]},"4":{"line":42,"type":"if","locations":[{"start":{"line":42,"column":8},"end":{"line":42,"column":8}},{"start":{"line":42,"column":8},"end":{"line":42,"column":8}}]},"5":{"line":42,"type":"binary-expr","locations":[{"start":{"line":42,"column":12},"end":{"line":42,"column":18}},{"start":{"line":42,"column":22},"end":{"line":42,"column":48}},{"start":{"line":43,"column":12},"end":{"line":43,"column":19}},{"start":{"line":43,"column":23},"end":{"line":43,"column":50}}]},"6":{"line":44,"type":"if","locations":[{"start":{"line":44,"column":12},"end":{"line":44,"column":12}},{"start":{"line":44,"column":12},"end":{"line":44,"column":12}}]},"7":{"line":44,"type":"binary-expr","locations":[{"start":{"line":44,"column":16},"end":{"line":44,"column":31}},{"start":{"line":44,"column":35},"end":{"line":44,"column":51}}]}},"code":["var forOwn = require('./forOwn');","var isArray = require('../lang/isArray');","","    function containsMatch(array, pattern) {","        var i = -1, length = array.length;","        while (++i < length) {","            if (deepMatches(array[i], pattern)) {","                return true;","            }","        }","","        return false;","    }","","    function matchArray(target, pattern) {","        var i = -1, patternLength = pattern.length;","        while (++i < patternLength) {","            if (!containsMatch(target, pattern[i])) {","                return false;","            }","        }","","        return true;","    }","","    function matchObject(target, pattern) {","        var result = true;","        forOwn(pattern, function(val, key) {","            if (!deepMatches(target[key], val)) {","                // Return false to break out of forOwn early","                return (result = false);","            }","        });","","        return result;","    }","","    /**","     * Recursively check if the objects match.","     */","    function deepMatches(target, pattern){","        if (target && typeof target === 'object' &&","            pattern && typeof pattern === 'object') {","            if (isArray(target) && isArray(pattern)) {","                return matchArray(target, pattern);","            } else {","                return matchObject(target, pattern);","            }","        } else {","            return target === pattern;","        }","    }","","    module.exports = deepMatches;","","",""],"l":{"1":1,"2":1,"4":1,"5":0,"6":0,"7":0,"8":0,"12":0,"15":1,"16":0,"17":0,"18":0,"19":0,"23":0,"26":1,"27":0,"28":0,"29":0,"31":0,"35":0,"41":1,"42":0,"44":0,"45":0,"47":0,"50":0,"54":1}},"/home/travis/build/npmtest/node-npmtest-mout/node_modules/mout/object/forOwn.js":{"path":"/home/travis/build/npmtest/node-npmtest-mout/node_modules/mout/object/forOwn.js","s":{"1":1,"2":1,"3":1,"4":2,"5":10,"6":10,"7":1},"b":{"1":[10,0]},"f":{"1":2,"2":10},"fnMap":{"1":{"name":"forOwn","line":9,"loc":{"start":{"line":9,"column":4},"end":{"line":9,"column":37}}},"2":{"name":"(anonymous_2)","line":10,"loc":{"start":{"line":10,"column":19},"end":{"line":10,"column":37}}}},"statementMap":{"1":{"start":{"line":1,"column":0},"end":{"line":1,"column":33}},"2":{"start":{"line":2,"column":0},"end":{"line":2,"column":31}},"3":{"start":{"line":9,"column":4},"end":{"line":15,"column":5}},"4":{"start":{"line":10,"column":8},"end":{"line":14,"column":11}},"5":{"start":{"line":11,"column":12},"end":{"line":13,"column":13}},"6":{"start":{"line":12,"column":16},"end":{"line":12,"column":60}},"7":{"start":{"line":17,"column":4},"end":{"line":17,"column":28}}},"branchMap":{"1":{"line":11,"type":"if","locations":[{"start":{"line":11,"column":12},"end":{"line":11,"column":12}},{"start":{"line":11,"column":12},"end":{"line":11,"column":12}}]}},"code":["var hasOwn = require('./hasOwn');","var forIn = require('./forIn');","","    /**","     * Similar to Array/forEach but works over object properties and fixes Don't","     * Enum bug on IE.","     * based on: http://whattheheadsaid.com/2010/10/a-safer-object-keys-compatibility-implementation","     */","    function forOwn(obj, fn, thisObj){","        forIn(obj, function(val, key){","            if (hasOwn(obj, key)) {","                return fn.call(thisObj, obj[key], key, obj);","            }","        });","    }","","    module.exports = forOwn;","","",""],"l":{"1":1,"2":1,"9":1,"10":2,"11":10,"12":10,"17":1}},"/home/travis/build/npmtest/node-npmtest-mout/node_modules/mout/object/hasOwn.js":{"path":"/home/travis/build/npmtest/node-npmtest-mout/node_modules/mout/object/hasOwn.js","s":{"1":1,"2":10,"3":1},"b":{},"f":{"1":10},"fnMap":{"1":{"name":"hasOwn","line":6,"loc":{"start":{"line":6,"column":5},"end":{"line":6,"column":31}}}},"statementMap":{"1":{"start":{"line":6,"column":5},"end":{"line":8,"column":6}},"2":{"start":{"line":7,"column":9},"end":{"line":7,"column":64}},"3":{"start":{"line":10,"column":5},"end":{"line":10,"column":29}}},"branchMap":{},"code":["","","    /**","     * Safer Object.hasOwnProperty","     */","     function hasOwn(obj, prop){","         return Object.prototype.hasOwnProperty.call(obj, prop);","     }","","     module.exports = hasOwn;","","",""],"l":{"6":1,"7":10,"10":1}},"/home/travis/build/npmtest/node-npmtest-mout/node_modules/mout/object/forIn.js":{"path":"/home/travis/build/npmtest/node-npmtest-mout/node_modules/mout/object/forIn.js","s":{"1":1,"2":1,"3":1,"4":1,"5":1,"6":1,"7":1,"8":1,"9":2,"10":2,"11":1,"12":2,"13":10,"14":0,"15":2,"16":0,"17":0,"18":0,"19":0,"20":0,"21":1,"22":10,"23":1},"b":{"1":[1,1],"2":[0,10],"3":[0,2],"4":[0,0],"5":[0,0],"6":[0,0,0,0],"7":[0,0]},"f":{"1":1,"2":2,"3":10},"fnMap":{"1":{"name":"checkDontEnum","line":6,"loc":{"start":{"line":6,"column":4},"end":{"line":6,"column":28}}},"2":{"name":"forIn","line":29,"loc":{"start":{"line":29,"column":4},"end":{"line":29,"column":36}}},"3":{"name":"exec","line":70,"loc":{"start":{"line":70,"column":4},"end":{"line":70,"column":40}}}},"statementMap":{"1":{"start":{"line":1,"column":0},"end":{"line":1,"column":33}},"2":{"start":{"line":3,"column":4},"end":{"line":4,"column":19}},"3":{"start":{"line":6,"column":4},"end":{"line":22,"column":5}},"4":{"start":{"line":7,"column":8},"end":{"line":15,"column":14}},"5":{"start":{"line":17,"column":8},"end":{"line":17,"column":31}},"6":{"start":{"line":19,"column":8},"end":{"line":21,"column":9}},"7":{"start":{"line":20,"column":12},"end":{"line":20,"column":36}},"8":{"start":{"line":29,"column":4},"end":{"line":68,"column":5}},"9":{"start":{"line":30,"column":8},"end":{"line":30,"column":23}},"10":{"start":{"line":35,"column":8},"end":{"line":35,"column":53}},"11":{"start":{"line":35,"column":37},"end":{"line":35,"column":53}},"12":{"start":{"line":37,"column":8},"end":{"line":41,"column":9}},"13":{"start":{"line":38,"column":12},"end":{"line":40,"column":13}},"14":{"start":{"line":39,"column":16},"end":{"line":39,"column":22}},"15":{"start":{"line":44,"column":8},"end":{"line":67,"column":9}},"16":{"start":{"line":45,"column":12},"end":{"line":46,"column":59}},"17":{"start":{"line":48,"column":12},"end":{"line":66,"column":13}},"18":{"start":{"line":57,"column":16},"end":{"line":65,"column":17}},"19":{"start":{"line":62,"column":20},"end":{"line":64,"column":21}},"20":{"start":{"line":63,"column":24},"end":{"line":63,"column":30}},"21":{"start":{"line":70,"column":4},"end":{"line":72,"column":5}},"22":{"start":{"line":71,"column":8},"end":{"line":71,"column":52}},"23":{"start":{"line":74,"column":4},"end":{"line":74,"column":27}}},"branchMap":{"1":{"line":35,"type":"if","locations":[{"start":{"line":35,"column":8},"end":{"line":35,"column":8}},{"start":{"line":35,"column":8},"end":{"line":35,"column":8}}]},"2":{"line":38,"type":"if","locations":[{"start":{"line":38,"column":12},"end":{"line":38,"column":12}},{"start":{"line":38,"column":12},"end":{"line":38,"column":12}}]},"3":{"line":44,"type":"if","locations":[{"start":{"line":44,"column":8},"end":{"line":44,"column":8}},{"start":{"line":44,"column":8},"end":{"line":44,"column":8}}]},"4":{"line":46,"type":"binary-expr","locations":[{"start":{"line":46,"column":26},"end":{"line":46,"column":32}},{"start":{"line":46,"column":36},"end":{"line":46,"column":58}}]},"5":{"line":57,"type":"if","locations":[{"start":{"line":57,"column":16},"end":{"line":57,"column":16}},{"start":{"line":57,"column":16},"end":{"line":57,"column":16}}]},"6":{"line":58,"type":"binary-expr","locations":[{"start":{"line":58,"column":21},"end":{"line":58,"column":42}},{"start":{"line":59,"column":25},"end":{"line":59,"column":33}},{"start":{"line":59,"column":37},"end":{"line":59,"column":53}},{"start":{"line":60,"column":20},"end":{"line":60,"column":54}}]},"7":{"line":62,"type":"if","locations":[{"start":{"line":62,"column":20},"end":{"line":62,"column":20}},{"start":{"line":62,"column":20},"end":{"line":62,"column":20}}]}},"code":["var hasOwn = require('./hasOwn');","","    var _hasDontEnumBug,","        _dontEnums;","","    function checkDontEnum(){","        _dontEnums = [","                'toString',","                'toLocaleString',","                'valueOf',","                'hasOwnProperty',","                'isPrototypeOf',","                'propertyIsEnumerable',","                'constructor'","            ];","","        _hasDontEnumBug = true;","","        for (var key in {'toString': null}) {","            _hasDontEnumBug = false;","        }","    }","","    /**","     * Similar to Array/forEach but works over object properties and fixes Don't","     * Enum bug on IE.","     * based on: http://whattheheadsaid.com/2010/10/a-safer-object-keys-compatibility-implementation","     */","    function forIn(obj, fn, thisObj){","        var key, i = 0;","        // no need to check if argument is a real object that way we can use","        // it for arrays, functions, date, etc.","","        //post-pone check till needed","        if (_hasDontEnumBug == null) checkDontEnum();","","        for (key in obj) {","            if (exec(fn, obj, key, thisObj) === false) {","                break;","            }","        }","","","        if (_hasDontEnumBug) {","            var ctor = obj.constructor,","                isProto = !!ctor && obj === ctor.prototype;","","            while (key = _dontEnums[i++]) {","                // For constructor, if it is a prototype object the constructor","                // is always non-enumerable unless defined otherwise (and","                // enumerated above).  For non-prototype objects, it will have","                // to be defined on this object, since it cannot be defined on","                // any prototype objects.","                //","                // For other [[DontEnum]] properties, check if the value is","                // different than Object prototype value.","                if (","                    (key !== 'constructor' ||","                        (!isProto && hasOwn(obj, key))) &&","                    obj[key] !== Object.prototype[key]","                ) {","                    if (exec(fn, obj, key, thisObj) === false) {","                        break;","                    }","                }","            }","        }","    }","","    function exec(fn, obj, key, thisObj){","        return fn.call(thisObj, obj[key], key, obj);","    }","","    module.exports = forIn;","","",""],"l":{"1":1,"3":1,"6":1,"7":1,"17":1,"19":1,"20":1,"29":1,"30":2,"35":2,"37":2,"38":10,"39":0,"44":2,"45":0,"48":0,"57":0,"62":0,"63":0,"70":1,"71":10,"74":1}},"/home/travis/build/npmtest/node-npmtest-mout/node_modules/mout/lang/isArray.js":{"path":"/home/travis/build/npmtest/node-npmtest-mout/node_modules/mout/lang/isArray.js","s":{"1":1,"2":1,"3":0,"4":1},"b":{"1":[1,0]},"f":{"1":0},"fnMap":{"1":{"name":"(anonymous_1)","line":4,"loc":{"start":{"line":4,"column":35},"end":{"line":4,"column":50}}}},"statementMap":{"1":{"start":{"line":1,"column":0},"end":{"line":1,"column":33}},"2":{"start":{"line":4,"column":4},"end":{"line":6,"column":6}},"3":{"start":{"line":5,"column":8},"end":{"line":5,"column":36}},"4":{"start":{"line":7,"column":4},"end":{"line":7,"column":29}}},"branchMap":{"1":{"line":4,"type":"binary-expr","locations":[{"start":{"line":4,"column":18},"end":{"line":4,"column":31}},{"start":{"line":4,"column":35},"end":{"line":6,"column":5}}]}},"code":["var isKind = require('./isKind');","    /**","     */","    var isArray = Array.isArray || function (val) {","        return isKind(val, 'Array');","    };","    module.exports = isArray;","",""],"l":{"1":1,"4":1,"5":0,"7":1}},"/home/travis/build/npmtest/node-npmtest-mout/node_modules/mout/lang/isKind.js":{"path":"/home/travis/build/npmtest/node-npmtest-mout/node_modules/mout/lang/isKind.js","s":{"1":1,"2":1,"3":1,"4":1},"b":{},"f":{"1":1},"fnMap":{"1":{"name":"isKind","line":5,"loc":{"start":{"line":5,"column":4},"end":{"line":5,"column":30}}}},"statementMap":{"1":{"start":{"line":1,"column":0},"end":{"line":1,"column":33}},"2":{"start":{"line":5,"column":4},"end":{"line":7,"column":5}},"3":{"start":{"line":6,"column":8},"end":{"line":6,"column":36}},"4":{"start":{"line":8,"column":4},"end":{"line":8,"column":28}}},"branchMap":{},"code":["var kindOf = require('./kindOf');","    /**","     * Check if value is from a specific \"kind\".","     */","    function isKind(val, kind){","        return kindOf(val) === kind;","    }","    module.exports = isKind;","",""],"l":{"1":1,"5":1,"6":1,"8":1}},"/home/travis/build/npmtest/node-npmtest-mout/node_modules/mout/lang/kindOf.js":{"path":"/home/travis/build/npmtest/node-npmtest-mout/node_modules/mout/lang/kindOf.js","s":{"1":1,"2":1,"3":1,"4":0,"5":1,"6":0,"7":1,"8":1},"b":{"1
[...]
: require('./lang/ctorApply'),","    'deepClone' : require('./lang/deepClone'),","    'deepEquals' : require('./lang/deepEquals'),","    'defaults' : require('./lang/defaults'),","    'inheritPrototype' : require('./lang/inheritPrototype'),","    'is' : require('./lang/is'),","    'isArguments' : require('./lang/isArguments'),","    'isArray' : require('./lang/isArray'),","    'isBoolean' : require('./lang/isBoolean'),","    'isDate' : require('./lang/isDate'),","    'isEmpty' : require('./lang/isEmpty'),","    'isFinite' : require('./lang/isFinite'),","    'isFunction' : require('./lang/isFunction'),","    'isInteger' : require('./lang/isInteger'),","    'isKind' : require('./lang/isKind'),","    'isNaN' : require('./lang/isNaN'),","    'isNull' : require('./lang/isNull'),","    'isNumber' : require('./lang/isNumber'),","    'isObject' : require('./lang/isObject'),","    'isPlainObject' : require('./lang/isPlainObject'),","    'isPrimitive' : require('./lang/isPrimitive'),","    'isRegExp' : require('./lang/isRegExp'),","    'isString' : require('./lang/isString'),","    'isUndefined' : require('./lang/isUndefined'),","    'isnt' : require('./lang/isnt'),","    'kindOf' : require('./lang/kindOf'),","    'toArray' : require('./lang/toArray'),","    'toNumber' : require('./lang/toNumber'),","    'toString' : require('./lang/toString')","};","","});",""],"l":{"1":2,"5":0}},"/home/travis/build/npmtest/node-npmtest-mout/node_modules/mout/src/math.js":{"path":"/home/travis/build/npmtest/node-npmtest-mout/node_modules/mout/src/math.js","s":{"1":2,"2":0},"b":{},"f":{"1":0},"fnMap":{"1":{"name":"(anonymous_1)","line":1,"loc":{"start":{"line":1,"column":7},"end":{"line":1,"column":24}}}},"statementMap":{"1":{"start":{"line":1,"column":0},"end":{"line":20,"column":3}},"2":{"start":{"line":5,"column":0},"end":{"line":18,"column":2}}},"branchMap":{},"code":["define(function(require){","","//automatically generated, do not edit!","//run `node build` instead","return {","    'ceil' : require('./math/ceil'),","    'clamp' : require('./math/clamp'),","    'countSteps' : require('./math/countSteps'),","    'floor' : require('./math/floor'),","    'inRange' : require('./math/inRange'),","    'isNear' : require('./math/isNear'),","    'lerp' : require('./math/lerp'),","    'loop' : require('./math/loop'),","    'map' : require('./math/map'),","    'norm' : require('./math/norm'),","    'overflow' : require('./math/overflow'),","    'round' : require('./math/round')","};","","});",""],"l":{"1":2,"5":0}},"/home/travis/build/npmtest/node-npmtest-mout/node_modules/mout/src/number.js":{"path":"/home/travis/build/npmtest/node-npmtest-mout/node_modules/mout/src/number.js","s":{"1":2,"2":0},"b":{},"f":{"1":0},"fnMap":{"1":{"name":"(anonymous_1)","line":1,"loc":{"start":{"line":1,"column":7},"end":{"line":1,"column":24}}}},"statementMap":{"1":{"start":{"line":1,"column":0},"end":{"line":25,"column":3}},"2":{"start":{"line":5,"column":0},"end":{"line":23,"column":2}}},"branchMap":{},"code":["define(function(require){","","//automatically generated, do not edit!","//run `node build` instead","return {","    'MAX_INT' : require('./number/MAX_INT'),","    'MAX_SAFE_INTEGER' : require('./number/MAX_SAFE_INTEGER'),","    'MAX_UINT' : require('./number/MAX_UINT'),","    'MIN_INT' : require('./number/MIN_INT'),","    'abbreviate' : require('./number/abbreviate'),","    'currencyFormat' : require('./number/currencyFormat'),","    'enforcePrecision' : require('./number/enforcePrecision'),","    'isNaN' : require('./number/isNaN'),","    'nth' : require('./number/nth'),","    'ordinal' : require('./number/ordinal'),","    'pad' : require('./number/pad'),","    'rol' : require('./number/rol'),","    'ror' : require('./number/ror'),","    'sign' : require('./number/sign'),","    'toInt' : require('./number/toInt'),","    'toUInt' : require('./number/toUInt'),","    'toUInt31' : require('./number/toUInt31')","};","","});",""],"l":{"1":2,"5":0}},"/home/travis/build/npmtest/node-npmtest-mout/node_modules/mout/src/object.js":{"path":"/home/travis/build/npmtest/node-npmtest-mout/node_modules/mout/src/object.js","s":{"1":2,"2":0},"b":{},"f":{"1":0},"fnMap":{"1":{"name":"(anonymous_1)","line":1,"loc":{"start":{"line":1,"column":7},"end":{"line":1,"column":24}}}},"statementMap":{"1":{"start":{"line":1,"column":0},"end":{"line":44,"column":3}},"2":{"start":{"line":5,"column":0},"end":{"line":42,"column":2}}},"branchMap":{},"code":["define(function(require){","","//automatically generated, do not edit!","//run `node build` instead","return {","    'bindAll' : require('./object/bindAll'),","    'contains' : require('./object/contains'),","    'deepFillIn' : require('./object/deepFillIn'),","    'deepMatches' : require('./object/deepMatches'),","    'deepMixIn' : require('./object/deepMixIn'),","    'equals' : require('./object/equals'),","    'every' : require('./object/every'),","    'fillIn' : require('./object/fillIn'),","    'filter' : require('./object/filter'),","    'find' : require('./object/find'),","    'flatten' : require('./object/flatten'),","    'forIn' : require('./object/forIn'),","    'forOwn' : require('./object/forOwn'),","    'functions' : require('./object/functions'),","    'get' : require('./object/get'),","    'has' : require('./object/has'),","    'hasOwn' : require('./object/hasOwn'),","    'keys' : require('./object/keys'),","    'map' : require('./object/map'),","    'matches' : require('./object/matches'),","    'max' : require('./object/max'),","    'merge' : require('./object/merge'),","    'min' : require('./object/min'),","    'mixIn' : require('./object/mixIn'),","    'namespace' : require('./object/namespace'),","    'omit' : require('./object/omit'),","    'pick' : require('./object/pick'),","    'pluck' : require('./object/pluck'),","    'reduce' : require('./object/reduce'),","    'reject' : require('./object/reject'),","    'result' : require('./object/result'),","    'set' : require('./object/set'),","    'size' : require('./object/size'),","    'some' : require('./object/some'),","    'unset' : require('./object/unset'),","    'values' : require('./object/values')","};","","});",""],"l":{"1":2,"5":0}},"/home/travis/build/npmtest/node-npmtest-mout/node_modules/mout/src/queryString.js":{"path":"/home/travis/build/npmtest/node-npmtest-mout/node_modules/mout/src/queryString.js","s":{"1":2,"2":0},"b":{},"f":{"1":0},"fnMap":{"1":{"name":"(anonymous_1)","line":1,"loc":{"start":{"line":1,"column":7},"end":{"line":1,"column":24}}}},"statementMap":{"1":{"start":{"line":1,"column":0},"end":{"line":15,"column":3}},"2":{"start":{"line":5,"column":0},"end":{"line":13,"column":2}}},"branchMap":{},"code":["define(function(require){","","//automatically generated, do not edit!","//run `node build` instead","return {","    'contains' : require('./queryString/contains'),","    'decode' : require('./queryString/decode'),","    'encode' : require('./queryString/encode'),","    'getParam' : require('./queryString/getParam'),","    'getQuery' : require('./queryString/getQuery'),","    'parse' : require('./queryString/parse'),","    'setParam' : require('./queryString/setParam')","};","","});",""],"l":{"1":2,"5":0}},"/home/travis/build/npmtest/node-npmtest-mout/node_modules/mout/src/random.js":{"path":"/home/travis/build/npmtest/node-npmtest-mout/node_modules/mout/src/random.js","s":{"1":2,"2":0},"b":{},"f":{"1":0},"fnMap":{"1":{"name":"(anonymous_1)","line":1,"loc":{"start":{"line":1,"column":7},"end":{"line":1,"column":24}}}},"statementMap":{"1":{"start":{"line":1,"column":0},"end":{"line":18,"column":3}},"2":{"start":{"line":5,"column":0},"end":{"line":16,"column":2}}},"branchMap":{},"code":["define(function(require){","","//automatically generated, do not edit!","//run `node build` instead","return {","    'choice' : require('./random/choice'),","    'guid' : require('./random/guid'),","    'rand' : require('./random/rand'),","    'randBit' : require('./random/randBit'),","    'randBool' : require('./random/randBool'),","    'randHex' : require('./random/randHex'),","    'randInt' : require('./random/randInt'),","    'randSign' : require('./random/randSign'),","    'randString' : require('./random/randString'),","    'random' : require('./random/random')","};","","});",""],"l":{"1":2,"5":0}},"/home/travis/build/npmtest/node-npmtest-mout/node_modules/mout/src/string.js":{"path":"/home/travis/build/npmtest/node-npmtest-mout/node_modules/mout/src/string.js","s":{"1":2,"2":0},"b":{},"f":{"1":0},"fnMap":{"1":{"name":"(anonymous_1)","line":1,"loc":{"start":{"line":1,"column":7},"end":{"line":1,"column":24}}}},"statementMap":{"1":{"start":{"line":1,"column":0},"end":{"line":46,"column":3}},"2":{"start":{"line":5,"column":0},"end":{"line":44,"column":2}}},"branchMap":{},"code":["define(function(require){","","//automatically generated, do not edit!","//run `node build` instead","return {","    'WHITE_SPACES' : require('./string/WHITE_SPACES'),","    'camelCase' : require('./string/camelCase'),","    'contains' : require('./string/contains'),","    'crop' : require('./string/crop'),","    'endsWith' : require('./string/endsWith'),","    'escapeHtml' : require('./string/escapeHtml'),","    'escapeRegExp' : require('./string/escapeRegExp'),","    'escapeUnicode' : require('./string/escapeUnicode'),","    'hyphenate' : require('./string/hyphenate'),","    'insert' : require('./string/insert'),","    'interpolate' : require('./string/interpolate'),","    'lowerCase' : require('./string/lowerCase'),","    'lpad' : require('./string/lpad'),","    'ltrim' : require('./string/ltrim'),","    'makePath' : require('./string/makePath'),","    'normalizeLineBreaks' : require('./string/normalizeLineBreaks'),","    'pascalCase' : require('./string/pascalCase'),","    'properCase' : require('./string/properCase'),","    'removeNonASCII' : require('./string/removeNonASCII'),","    'removeNonWord' : require('./string/removeNonWord'),","    'repeat' : require('./string/repeat'),","    'replace' : require('./string/replace'),","    'replaceAccents' : require('./string/replaceAccents'),","    'rpad' : require('./string/rpad'),","    'rtrim' : require('./string/rtrim'),","    'sentenceCase' : require('./string/sentenceCase'),","    'slugify' : require('./string/slugify'),","    'startsWith' : require('./string/startsWith'),","    'stripHtmlTags' : require('./string/stripHtmlTags'),","    'trim' : require('./string/trim'),","    'truncate' : require('./string/truncate'),","    'typecast' : require('./string/typecast'),","    'unCamelCase' : require('./string/unCamelCase'),","    'underscore' : require('./string/underscore'),","    'unescapeHtml' : require('./string/unescapeHtml'),","    'unescapeUnicode' : require('./string/unescapeUnicode'),","    'unhyphenate' : require('./string/unhyphenate'),","    'upperCase' : require('./string/upperCase')","};","","});",""],"l":{"1":2,"5":0}},"/home/travis/build/npmtest/node-npmtest-mout/node_modules/mout/src/time.js":{"path":"/home/travis/build/npmtest/node-npmtest-mout/node_modules/mout/src/time.js","s":{"1":2,"2":0},"b":{},"f":{"1":0},"fnMap":{"1":{"name":"(anonymous_1)","line":1,"loc":{"start":{"line":1,"column":7},"end":{"line":1,"column":24}}}},"statementMap":{"1":{"start":{"line":1,"column":0},"end":{"line":12,"column":3}},"2":{"start":{"line":5,"column":0},"end":{"line":10,"column":2}}},"branchMap":{},"code":["define(function(require){","","//automatically generated, do not edit!","//run `node build` instead","return {","    'convert' : require('./time/convert'),","    'now' : require('./time/now'),","    'parseMs' : require('./time/parseMs'),","    'toTimeString' : require('./time/toTimeString')","};","","});",""],"l":{"1":2,"5":0}},"/home/travis/build/npmtest/node-npmtest-mout/node_modules/mout/date/i18n/de-DE.js":{"path":"/home/travis/build/npmtest/node-npmtest-mout/node_modules/mout/date/i18n/de-DE.js","s":{"1":1},"b":{},"f":{},"fnMap":{},"statementMap":{"1":{"start":{"line":3,"column":4},"end":{"line":60,"column":6}}},"branchMap":{},"code":["","    // de-DE (German)","    module.exports = {","        \"am\" : \"\",","        \"pm\" : \"\",","","        \"x\": \"%d/%m/%y\",","        \"X\": \"%H:%M:%S\",","        \"c\": \"%a %d %b %Y %H:%M:%S %Z\",","","        \"months\" : [","            \"Januar\",","            \"Februar\",","            \"März\",","            \"April\",","            \"Mai\",","            \"Juni\",","            \"Juli\",","            \"August\",","            \"September\",","            \"Oktober\",","            \"November\",","            \"Dezember\"","        ],","","        \"months_abbr\" : [","            \"Jan\",","            \"Febr\",","            \"März\",","            \"Apr\",","            \"Mai\",","            \"Juni\",","            \"Juli\",","            \"Aug\",","            \"Sept\",","            \"Okt\",","            \"Nov\",","            \"Dez\"","        ],","","        \"days\" : [","            \"Sonntag\",","            \"Montag\",","            \"Dienstag\",","            \"Mittwoch\",","            \"Donnerstag\",","            \"Freitag\",","            \"Samstag\"","        ],","","        \"days_abbr\" : [","            \"So\",","            \"Mo\",","            \"Di\",","            \"Mi\",","            \"Do\",","            \"Fr\",","            \"Sa\"","        ]","    };","",""],"l":{"3":1}},"/home/travis/build/npmtest/node-npmtest-mout/node_modules/mout/date/i18n/pt-BR.js":{"path":"/home/travis/build/npmtest/node-npmtest-mout/node_modules/mout/date/i18n/pt-BR.js","s":{"1":1},"b":{},"f":{},"fnMap":{},"statementMap":{"1":{"start":{"line":3,"column":4},"end":{"line":60,"column":6}}},"branchMap":{},"code":["","    // pt-BR (Brazillian Portuguese)","    module.exports = {","        \"am\" : \"\",","        \"pm\" : \"\",","","        \"x\": \"%d/%m/%y\",","        \"X\": \"%H:%M:%S\",","        \"c\": \"%a %d %b %Y %H:%M:%S %Z\",","","        \"months\" : [","            \"Janeiro\",","            \"Fevereiro\",","            \"Março\",","            \"Abril\",","            \"Maio\",","            \"Junho\",","            \"Julho\",","            \"Agosto\",","            \"Setembro\",","            \"Outubro\",","            \"Novembro\",","            \"Dezembro\"","        ],","","        \"months_abbr\" : [","            \"Jan\",","            \"Fev\",","            \"Mar\",","            \"Abr\",","            \"Mai\",","            \"Jun\",","            \"Jul\",","            \"Ago\",","            \"Set\",","            \"Out\",","            \"Nov\",","            \"Dez\"","        ],","","        \"days\" : [","            \"Domingo\",","            \"Segunda\",","            \"Terça\",","            \"Quarta\",","            \"Quinta\",","            \"Sexta\",","            \"Sábado\"","        ],","","        \"days_abbr\" : [","            \"Dom\",","            \"Seg\",","            \"Ter\",","            \"Qua\",","            \"Qui\",","            \"Sex\",","            \"Sáb\"","        ]","    };","",""],"l":{"3":1}},"/home/travis/build/npmtest/node-npmtest-mout/node_modules/mout/src/date/i18n_.js":{"path":"/home/travis/build/npmtest/node-npmtest-mout/node_modules/mout/src/date/i18n_.js","s":{"1":2,"2":0,"3":0,"4":0},"b":{},"f":{"1":0,"2":0},"fnMap":{"1":{"name":"(anonymous_1)","line":1,"loc":{"start":{"line":1,"column":44},"end":{"line":1,"column":65}}},"2":{"name":"(anonymous_2)","line":6,"loc":{"start":{"line":6,"column":14},"end":{"line":6,"column":34}}}},"statementMap":{"1":{"start":{"line":1,"column":0},"end":{"line":13,"column":3}},"2":{"start":{"line":4,"column":4},"end":{"line":9,"column":7}},"3":{"start":{"line":7,"column":12},"end":{"line":7,"column":44}},"4":{"start":{"line":11,"column":4},"end":{"line":11,"column":24}}},"branchMap":{},"code":["define(['../object/mixIn', './i18n/en-US'], function(mixIn, enUS){","","    // we also use mixIn to make sure we don't affect the original locale","    var activeLocale = mixIn({}, enUS, {","        // we expose a \"set\" method to allow overriding the global locale","        set : function(localeData){","            mixIn(activeLocale, localeData);","        }","    });","","    return activeLocale;","","});",""],"l":{"1":2,"4":0,"7":0,"11":0}},"/home/travis/build/npmtest/node-npmtest-mout/node_modules/mout/src/lang/GLOBAL.js":{"path":"/home/travis/build/npmtest/node-npmtest-mout/node_modules/mout/src/lang/GLOBAL.js","s":{"1":2,"2":0},"b":{},"f":{"1":0},"fnMap":{"1":{"name":"(anonymous_1)","line":1,"loc":{"start":{"line":1,"column":7},"end":{"line":1,"column":19}}}},"statementMap":{"1":{"start":{"line":1,"column":0},"end":{"line":7,"column":3}},"2":{"start":{"line":5,"column":4},"end":{"line":5,"column":37}}},"branchMap":{},"code":["define(function () {","","    // Reference to the global context (works on ES3 and ES5-strict mode)","    //jshint -W061, -W064","    return Function('return this')();","","});",""],"l":{"1":2,"5":0}},"/home/travis/build/npmtest/node-npmtest-mout/node_modules/mout/src/random/random.js":{"path":"/home/travis/build/npmtest/node-npmtest-mout/node_modules/mout/src/random/random.js","s":{"1":2,"2":1,"3":0,"4":0,"5":0},"b":{},"f":{"1":0,"2":0},"fnMap":{"1":{"name":"(anonymous_1)","line":1,"loc":{"start":{"line":1,"column":7},"end":{"line":1,"column":19}}},"2":{"name":"random","line":9,"loc":{"start":{"line":9,"column":4},"end":{"line":9,"column":21}}}},"statementMap":{"1":{"start":{"line":1,"column":0},"end":{"line":18,"column":3}},"2":{"start":{"line":9,"column":4},"end":{"line":11,"column":5}},"3":{"start":{"line":10,"column":8},"end":{"line":10,"column":28}},"4":{"start":{"line":14,"column":4},"end":{"line":14,"column":29}},"5":{"start":{"line":16,"column":4},"end":{"line":16,"column":18}}},"branchMap":{},"code":["define(function () {","","    /**","     * Just a wrapper to Math.random. No methods inside mout/random should call","     * Math.random() directly so we can inject the pseudo-random number","     * generator if needed (ie. in case we need a seeded random or a better","     * algorithm than the native one)","     */","    function random(){","        return random.get();","    }","","    // we expose the method so it can be swapped if needed","    random.get = Math.random;","","    return random;","","});",""],"l":{"1":2,"9":1,"10":0,"14":0,"16":0}},"/home/travis/build/npmtest/node-npmtest-mout/node_modules/mout/src/time/now.js":{"path":"/home/travis/build/npmtest/node-npmtest-mout/node_modules/mout/src/time/now.js","s":{"1":2,"2":1,"3":0,"4":0,"5":0,"6":0},"b":{"1":[0,0]},"f":{"1":0,"2":0,"3":0},"fnMap":{"1":{"name":"(anonymous_1)","line":1,"loc":{"start":{"line":1,"column":7},"end":{"line":1,"column":19}}},"2":{"name":"now","line":6,"loc":{"start":{"line":6,"column":4},"end":{"line":6,"column":18}}},"3":{"name":"(anonymous_3)","line":12,"loc":{"start":{"line":12,"column":59},"end":{"line":12,"column":69}}}},"statementMap":{"1":{"start":{"line":1,"column":0},"end":{"line":18,"column":3}},"2":{"start":{"line":6,"column":4},"end":{"line":10,"column":5}},"3":{"start":{"line":9,"column":8},"end":{"line":9,"column":25}},"4":{"start":{"line":12,"column":4},"end":{"line":14,"column":6}},"5":{"start":{"line":13,"column":8},"end":{"line":13,"column":29}},"6":{"start":{"line":16,"column":4},"end":{"line":16,"column":15}}},"branchMap":{"1":{"line":12,"type":"cond-expr","locations":[{"start":{"line":12,"column":48},"end":{"line":12,"column":56}},{"start":{"line":12,"column":59},"end":{"line":14,"column":5}}]}},"code":["define(function () {","","    /**","     * Get current time in miliseconds","     */","    function now(){","        // yes, we defer the work to another function to allow mocking it","        // during the tests","        return now.get();","    }","","    now.get = (typeof Date.now === 'function')? Date.now : function(){","        return +(new Date());","    };","","    return now;","","});",""],"l":{"1":2,"6":1,"9":0,"12":0,"13":0,"16":0}}}